[2m[WebServer] [22m[2m$ vite preview --host 127.0.0.1[22m

Running 296 tests using 7 workers

  ‚úď    2 [chromium] ‚Äļ tests/e2e/advanced-combined-table.spec.ts:33:3 ‚Äļ Advanced combined table ‚ÄĒ Energy ‚Üí mode ‚Äļ renders a single combined <table> in Advanced + single-entity mode (1.0s)
  ‚úď    1 [chromium] ‚Äļ tests/e2e/advanced-combined-table.spec.ts:65:3 ‚Äļ Advanced combined table ‚ÄĒ Energy ‚Üí mode ‚Äļ row 1 has faint yellow tint class (1.1s)
  ‚úď    3 [chromium] ‚Äļ tests/e2e/advanced-combined-table.spec.ts:53:3 ‚Äļ Advanced combined table ‚ÄĒ Energy ‚Üí mode ‚Äļ standalone energy unit strip is absent for single-entity advanced mode (1.2s)
  ‚úď    4 [chromium] ‚Äļ tests/e2e/accessibility.spec.ts:12:3 ‚Äļ zero WCAG 2.1 AA violations on plot page @regression (1.4s)
  ‚úď    8 [chromium] ‚Äļ tests/e2e/advanced-combined-table.spec.ts:76:3 ‚Äļ Advanced combined table ‚ÄĒ Energy ‚Üí mode ‚Äļ ‚Üí MeV/nucl column appears when an inline unit suffix is typed (660ms)
  ‚úď    9 [chromium] ‚Äļ tests/e2e/advanced-combined-table.spec.ts:97:3 ‚Äļ Advanced combined table ‚ÄĒ Energy ‚Üí mode ‚Äļ delete row √ó button removes a row (875ms)
  ‚úė    7 [chromium] ‚Äļ tests/e2e/accessibility.spec.ts:12:3 ‚Äļ zero WCAG 2.1 AA violations on calculator page @regression (1.9s)
  ‚úď    6 [chromium] ‚Äļ tests/e2e/accessibility.spec.ts:12:3 ‚Äļ zero WCAG 2.1 AA violations on docs page @regression (2.0s)
  ‚úď   10 [chromium] ‚Äļ tests/e2e/advanced-combined-table.spec.ts:114:3 ‚Äļ Advanced combined table ‚ÄĒ Energy ‚Üí mode ‚Äļ out-of-range input shows red border and 'out of range' in result cells (1.1s)
  ‚úď    5 [chromium] ‚Äļ tests/e2e/accessibility.spec.ts:12:3 ‚Äļ zero WCAG 2.1 AA violations on home page @regression (2.3s)
  ‚úď   12 [chromium] ‚Äļ tests/e2e/advanced-combined-table.spec.ts:178:3 ‚Äļ Advanced combined table ‚ÄĒ Range ‚Üí mode ‚Äļ Range ‚Üí tab renders the combined table component (834ms)
  ‚úď   13 [chromium] ‚Äļ tests/e2e/advanced-combined-table.spec.ts:196:3 ‚Äļ Advanced combined table ‚ÄĒ Range ‚Üí mode ‚Äļ Range ‚Üí row 1 has faint yellow tint (772ms)
  ‚úď   11 [chromium] ‚Äļ tests/e2e/advanced-combined-table.spec.ts:143:3 ‚Äļ Advanced combined table ‚ÄĒ Energy ‚Üí mode ‚Äļ 5-row snapshot: Energy ‚Üí single-entity (1.3s)
  ‚úď   14 [chromium] ‚Äļ tests/e2e/advanced-combined-table.spec.ts:214:3 ‚Äļ Advanced combined table ‚ÄĒ Range ‚Üí mode ‚Äļ Range ‚Üí delete row button removes a row (1.1s)
  ‚úď   16 [chromium] ‚Äļ tests/e2e/advanced-options.spec.ts:42:5 ‚Äļ Advanced Options Panel ‚Äļ Density Override ‚Äļ enters density 1.20 and asserts URL contains density=1.20 (915ms)
  ‚úď   15 [chromium] ‚Äļ tests/e2e/advanced-combined-table.spec.ts:231:3 ‚Äļ Advanced combined table ‚ÄĒ Range ‚Üí mode ‚Äļ Range ‚Üí computes inverse energy (WASM required) (990ms)
  ‚úď   19 [chromium] ‚Äļ tests/e2e/advanced-combined-table.spec.ts:206:3 ‚Äļ Advanced combined table ‚ÄĒ Range ‚Üí mode ‚Äļ Range ‚Üí unit anchor strip is rendered inside the component (871ms)
  ‚úď   22 [chromium] ‚Äļ tests/e2e/advanced-options.spec.ts:191:5 ‚Äļ Advanced Options Panel ‚Äļ Advanced Options panel visibility ‚Äļ Advanced Options panel is absent in Basic mode (584ms)
  ‚úď   23 [chromium] ‚Äļ tests/e2e/advanced-options.spec.ts:197:5 ‚Äļ Advanced Options Panel ‚Äļ Advanced Options panel visibility ‚Äļ Advanced Options panel appears after switching to Advanced mode (604ms)
  ‚úď   21 [chromium] ‚Äļ tests/e2e/advanced-options.spec.ts:170:5 ‚Äļ Advanced Options Panel ‚Äļ Density Override ‚Äļ enters invalid density (negative) ‚Üí validation error displayed (812ms)
  ‚úď   17 [chromium] ‚Äļ tests/e2e/advanced-options.spec.ts:64:5 ‚Äļ Advanced Options Panel ‚Äļ Density Override ‚Äļ density override changes CSDA range (AC-6: 2√ó density ‚Üí ~¬Ĺ range) @smoke (1.7s)
  ‚úď   24 [chromium] ‚Äļ tests/e2e/advanced-options.spec.ts:203:5 ‚Äļ Advanced Options Panel ‚Äļ Advanced Options panel visibility ‚Äļ Advanced Options panel disappears when switching back to Basic mode (744ms)
  ‚úď   20 [chromium] ‚Äļ tests/e2e/advanced-options.spec.ts:134:5 ‚Äļ Advanced Options Panel ‚Äļ Density Override ‚Äļ density override changes stopping power (AC-6: 2√ó density ‚Üí ~2√ó keV/¬Ķm) (1.7s)
  ‚úď   28 [chromium] ‚Äļ tests/e2e/basic.spec.ts:3:1 ‚Äļ homepage redirects to calculator (422ms)
  ‚úď   26 [chromium] ‚Äļ tests/e2e/advanced-options.spec.ts:240:5 ‚Äļ Advanced Options Panel ‚Äļ I-Value Override ‚Äļ enters I-value override and asserts URL contains ival parameter (698ms)
  ‚úď   25 [chromium] ‚Äļ tests/e2e/advanced-options.spec.ts:218:5 ‚Äļ Advanced Options Panel ‚Äļ Interpolation Method ‚Äļ switches interpolation method to Spline (785ms)
  ‚úď   18 [chromium] ‚Äļ tests/e2e/advanced-options.spec.ts:99:5 ‚Äļ Advanced Options Panel ‚Äļ Density Override ‚Äļ switching back to Basic mode after density override reverts to default density (2.1s)
  ‚úď   29 [chromium] ‚Äļ tests/e2e/basic.spec.ts:10:1 ‚Äļ calculator page loads (347ms)
  ‚úď   30 [chromium] ‚Äļ tests/e2e/basic.spec.ts:15:1 ‚Äļ plot page loads (445ms)
  ‚úď   27 [chromium] ‚Äļ tests/e2e/advanced-options.spec.ts:265:5 ‚Äļ Advanced Options Panel ‚Äļ URL Round-trip ‚Äļ full advanced options URL round-trip encodes and decodes correctly (1.0s)
  ‚úď   31 [chromium] ‚Äļ tests/e2e/basic.spec.ts:20:1 ‚Äļ docs page loads (493ms)
  ‚úď   33 [chromium] ‚Äļ tests/e2e/build-info.spec.ts:36:3 ‚Äļ Build info badge ‚Äļ commit hash is a link to the correct GitHub commit URL (990ms)
  ‚úď   32 [chromium] ‚Äļ tests/e2e/build-info.spec.ts:24:3 ‚Äļ Build info badge ‚Äļ badge visible in footer with correct format (1.1s)
  ‚úď   37 [chromium] ‚Äļ tests/e2e/build-info.spec.ts:84:3 ‚Äļ Build info badge ‚Äļ badge absent when deploy.json returns malformed JSON (806ms)
  ‚úď   34 [chromium] ‚Äļ tests/e2e/build-info.spec.ts:50:3 ‚Äļ Build info badge ‚Äļ badge is inside the footer element (1.1s)
  ‚úď   36 [chromium] ‚Äļ tests/e2e/build-info.spec.ts:64:3 ‚Äļ Build info badge ‚Äļ badge absent when deploy.json returns 404 (892ms)
  ‚úď   35 [chromium] ‚Äļ tests/e2e/build-info.spec.ts:59:3 ‚Äļ Build info badge ‚Äļ badge visible on plot page too (appears on every route) (1.1s)
  ‚úď   38 [chromium] ‚Äļ tests/e2e/calculator-advanced.spec.ts:54:3 ‚Äļ Advanced mode ‚Äļ Basic/Advanced toggle is visible in toolbar (839ms)
  ‚úď   39 [chromium] ‚Äļ tests/e2e/calculator-advanced.spec.ts:65:3 ‚Äļ Advanced mode ‚Äļ Clicking Advanced does not throw effect_update_depth_exceeded (1.3s)
  ‚úď   45 [chromium] ‚Äļ tests/e2e/calculator-url.spec.ts:4:3 ‚Äļ Calculator URL sync ‚Äļ calculator state is encoded in URL after loading (1.1s)
  ‚úď   41 [chromium] ‚Äļ tests/e2e/calculator-advanced.spec.ts:115:3 ‚Äļ Advanced mode ‚Äļ Advanced mode URL contains mode=advanced after toggling on (1.4s)
  ‚úď   40 [chromium] ‚Äļ tests/e2e/calculator-advanced.spec.ts:86:3 ‚Äļ Advanced mode ‚Äļ Toggling Advanced on/off/on does not cause errors (1.6s)
  ‚úď   42 [chromium] ‚Äļ tests/e2e/calculator-advanced.spec.ts:153:3 ‚Äļ Advanced mode ‚Äļ Default program column cannot be dragged (1.7s)
  ‚úď   47 [chromium] ‚Äļ tests/e2e/calculator-url.spec.ts:23:3 ‚Äļ Calculator URL sync ‚Äļ invalid URL params fall back to defaults without error (814ms)
  ‚úď   43 [chromium] ‚Äļ tests/e2e/calculator-advanced.spec.ts:130:3 ‚Äļ Advanced mode ‚Äļ Column drag-and-drop reordering (2.0s)
  ‚úď   46 [chromium] ‚Äļ tests/e2e/calculator-url.spec.ts:13:3 ‚Äļ Calculator URL sync ‚Äļ loading URL with particle=6 restores carbon selection (1.0s)
  ‚úď   49 [chromium] ‚Äļ tests/e2e/calculator.spec.ts:4:3 ‚Äļ Calculator Page - Smoke Test ‚Äļ calculator page loads with heading (785ms)
  ‚úď   48 [chromium] ‚Äļ tests/e2e/calculator-url.spec.ts:29:3 ‚Äļ Calculator URL sync ‚Äļ mixed-unit rows encoded with :unit suffix (1.3s)
  ‚úď   50 [chromium] ‚Äļ tests/e2e/calculator.spec.ts:9:3 ‚Äļ Calculator Page - Smoke Test ‚Äļ energy input and controls render after WASM loads @smoke (1.0s)
  ‚úď   53 [chromium] ‚Äļ tests/e2e/cold-load-defaults.spec.ts:4:3 ‚Äļ Cold-load defaults ‚ÄĒ issue #555 ‚Äļ row 1 pre-populated with 100 MeV on cold load @smoke (1.0s)
  ‚úď   44 [chromium] ‚Äļ tests/e2e/calculator-advanced.spec.ts:167:3 ‚Äļ Advanced mode ‚Äļ out-of-range comparison program shows an error without hiding safe program results (3.2s)
  ‚úď   51 [chromium] ‚Äļ tests/e2e/calculator.spec.ts:21:3 ‚Äļ WASM calculation produces real values ‚Äļ 100 MeV proton in Water (PSTAR) shows non-zero STP and range @smoke (1.4s)
  ‚úď   54 [chromium] ‚Äļ tests/e2e/cold-load-defaults.spec.ts:12:3 ‚Äļ Cold-load defaults ‚ÄĒ issue #555 ‚Äļ STP and CSDA cells populated without user interaction @smoke (1.2s)
  ‚úď   56 [chromium] ‚Äļ tests/e2e/cold-load-defaults.spec.ts:46:3 ‚Äļ Cold-load defaults ‚ÄĒ issue #555 ‚Äļ energies= URL param overrides the 100 default @regression (745ms)
  ‚úď   52 [chromium] ‚Äļ tests/e2e/calculator.spec.ts:51:3 ‚Äļ Calculator on mobile viewport ‚Äļ calculated stopping power and range are fully visible (no clipping) (1.6s)
  ‚úď   55 [chromium] ‚Äļ tests/e2e/cold-load-defaults.spec.ts:32:3 ‚Äļ Cold-load defaults ‚ÄĒ issue #555 ‚Äļ no element is auto-focused on cold load @responsive (1.1s)
  ‚úď   58 [chromium] ‚Äļ tests/e2e/complex-interactions.spec.ts:65:3 ‚Äļ Calculator ‚ÄĒ default state (Hydrogen + Water + Auto-select) ‚Äļ default row '100' keeps the compact table without a ‚Üí MeV/nucl column (1.0s)
  ‚úď   57 [chromium] ‚Äļ tests/e2e/complex-interactions.spec.ts:46:3 ‚Äļ Calculator ‚ÄĒ default state (Hydrogen + Water + Auto-select) ‚Äļ shows the result table with three columns in Basic mode (1.3s)
  ‚úď   59 [chromium] ‚Äļ tests/e2e/complex-interactions.spec.ts:71:3 ‚Äļ Calculator ‚ÄĒ default state (Hydrogen + Water + Auto-select) ‚Äļ editing the energy row triggers recalculation and shows STP result (1.1s)
  ‚úď   60 [chromium] ‚Äļ tests/e2e/complex-interactions.spec.ts:78:3 ‚Äļ Calculator ‚ÄĒ default state (Hydrogen + Water + Auto-select) ‚Äļ adding a second identical energy row shows results in both rows (1.1s)
  ‚úď   61 [chromium] ‚Äļ tests/e2e/complex-interactions.spec.ts:103:3 ‚Äļ Calculator ‚ÄĒ energy input with unit suffixes ‚Äļ '100 keV' is parsed and shows ~0.1 in the ‚Üí MeV/nucl column (1.2s)
  ‚úď   62 [chromium] ‚Äļ tests/e2e/complex-interactions.spec.ts:111:3 ‚Äļ Calculator ‚ÄĒ energy input with unit suffixes ‚Äļ '12 MeV/nucl' shows 12 in the ‚Üí MeV/nucl column (proton, A=1) (1.2s)
  ‚úď   63 [chromium] ‚Äļ tests/e2e/complex-interactions.spec.ts:118:3 ‚Äļ Calculator ‚ÄĒ energy input with unit suffixes ‚Äļ '12 MeV/u' shows ~12 in the ‚Üí MeV/nucl column (proton, A=1, m_u‚Čą1) (1.2s)
  ‚úď   64 [chromium] ‚Äļ tests/e2e/complex-interactions.spec.ts:137:3 ‚Äļ Calculator ‚ÄĒ invalid input error display ‚Äļ typing 'bebok' shows the input in red with an inline error message (1.1s)
  ‚úď   65 [chromium] ‚Äļ tests/e2e/complex-interactions.spec.ts:149:3 ‚Äļ Calculator ‚ÄĒ invalid input error display ‚Äļ typing '-5' (non-positive) shows an inline error message (1.2s)
  ‚úď   66 [chromium] ‚Äļ tests/e2e/complex-interactions.spec.ts:156:3 ‚Äļ Calculator ‚ÄĒ invalid input error display ‚Äļ typing 'unknown unit' like '100 xyz' shows inline error (1.2s)
  ‚úď   67 [chromium] ‚Äļ tests/e2e/complex-interactions.spec.ts:164:3 ‚Äļ Calculator ‚ÄĒ invalid input error display ‚Äļ validation summary counts excluded values (1.2s)
  ‚úď   69 [chromium] ‚Äļ tests/e2e/complex-interactions.spec.ts:190:3 ‚Äļ Calculator ‚ÄĒ auto-select and program resolution ‚Äļ default state shows table (not 'Select a particle and material') (1.1s)
  ‚úď   68 [chromium] ‚Äļ tests/e2e/complex-interactions.spec.ts:170:3 ‚Äļ Calculator ‚ÄĒ invalid input error display ‚Äļ correcting an invalid value removes the error message (1.3s)
  ‚úď   71 [chromium] ‚Äļ tests/e2e/complex-interactions.spec.ts:240:3 ‚Äļ Calculator ‚ÄĒ multi-row paste ‚Äļ pasting three energy values creates three separate rows (1.1s)
  ‚úď   70 [chromium] ‚Äļ tests/e2e/complex-interactions.spec.ts:196:3 ‚Äļ Calculator ‚ÄĒ auto-select and program resolution ‚Äļ switching to Urea (if available): either shows results or a clear no-program message (1.6s)
  ‚úď   72 [chromium] ‚Äļ tests/e2e/complex-interactions.spec.ts:264:3 ‚Äļ Calculator ‚ÄĒ no crashes during typical interactions ‚Äļ editing energy value from 100 to 12 does not crash the page (1.2s)
  ‚úď   73 [chromium] ‚Äļ tests/e2e/complex-interactions.spec.ts:271:3 ‚Äļ Calculator ‚ÄĒ no crashes during typical interactions ‚Äļ adding two rows with value '12' does not crash the page (1.3s)
  ‚úď   74 [chromium] ‚Äļ tests/e2e/complex-interactions.spec.ts:278:3 ‚Äļ Calculator ‚ÄĒ no crashes during typical interactions ‚Äļ switching particle to Carbon then editing energy does not crash (1.4s)
  ‚úď   75 [chromium] ‚Äļ tests/e2e/complex-interactions.spec.ts:309:3 ‚Äļ Calculator ‚ÄĒ heavy-ion calculations (Carbon, Helium) ‚Äļ Carbon + Water + 100 MeV/nucl shows numeric STP result (1.4s)
  ‚úď   76 [chromium] ‚Äļ tests/e2e/complex-interactions.spec.ts:322:3 ‚Äļ Calculator ‚ÄĒ heavy-ion calculations (Carbon, Helium) ‚Äļ Helium + Water + 50 MeV/nucl shows numeric STP result (1.4s)
  ‚úď   77 [chromium] ‚Äļ tests/e2e/complex-interactions.spec.ts:335:3 ‚Äļ Calculator ‚ÄĒ heavy-ion calculations (Carbon, Helium) ‚Äļ Carbon: per-row unit selector shows MeV/nucl column with correct value (1.3s)
  ‚úď   78 [chromium] ‚Äļ tests/e2e/complex-interactions.spec.ts:349:3 ‚Äļ Calculator ‚ÄĒ heavy-ion calculations (Carbon, Helium) ‚Äļ switching from Proton to Carbon with value entered does not crash (1.3s)
  ‚úď   79 [chromium] ‚Äļ tests/e2e/custom-compounds.spec.ts:25:3 ‚Äļ Custom Compounds ‚ÄĒ Editor Modal ‚Äļ AC-2: + Add compound opens modal with blank form (1.5s)
  ‚úď   80 [chromium] ‚Äļ tests/e2e/custom-compounds.spec.ts:59:3 ‚Äļ Custom Compounds ‚ÄĒ Editor Modal ‚Äļ AC-3: Validation ‚ÄĒ empty name blocks Save (1.8s)
Console messages after save: []
Modal still open after save click: [33mtrue[39m
Found error messages: [33m1[39m
Error 0: Density must be ‚Č§ 25 g/cm¬≥.
  ‚úď   81 [chromium] ‚Äļ tests/e2e/custom-compounds.spec.ts:102:3 ‚Äļ Custom Compounds ‚ÄĒ Editor Modal ‚Äļ AC-3: Validation ‚ÄĒ density > 25 blocks Save (1.8s)
  ‚úď   85 [chromium] ‚Äļ tests/e2e/custom-compounds.spec.ts:344:3 ‚Äļ Custom Compounds ‚ÄĒ Entity Selection Integration ‚Äļ AC-1: Custom Compounds group absent in Basic mode (1.0s)
  ‚úď   82 [chromium] ‚Äļ tests/e2e/custom-compounds.spec.ts:170:3 ‚Äļ Custom Compounds ‚ÄĒ Editor Modal ‚Äļ AC-3: Validation ‚ÄĒ duplicate Z blocks Save (1.8s)
Edit button count: [33m1[39m
Delete button visible: [33mtrue[39m
Delete button disabled: [33mfalse[39m
Modal visible before delete click: [33mtrue[39m
  ‚úď   84 [chromium] ‚Äļ tests/e2e/custom-compounds.spec.ts:268:3 ‚Äļ Custom Compounds ‚ÄĒ Editor Modal ‚Äļ AC-6: Delete compound confirmation (2.0s)
TEST: Starting AC-1 test
  ‚úď   83 [chromium] ‚Äļ tests/e2e/custom-compounds.spec.ts:204:3 ‚Äļ Custom Compounds ‚ÄĒ Editor Modal ‚Äļ AC-2: Create compound adds to library (2.7s)
  ‚úď   86 [chromium] ‚Äļ tests/e2e/custom-compounds.spec.ts:456:3 ‚Äļ Custom Compounds ‚ÄĒ Program Compatibility Filter ‚Äļ AC-7b: Programs missing elements are greyed out (smoke test) (1.9s)
TEST: Console messages captured: [33m0[39m []
  ‚úď   89 [chromium] ‚Äļ tests/e2e/custom-compounds.spec.ts:355:3 ‚Äļ Custom Compounds ‚ÄĒ Entity Selection Integration ‚Äļ AC-1: Custom Compounds group appears in Advanced mode (1.4s)
Material tab text after selection: ‚Ď° Material: BasicModeTest  
  ‚úď   87 [chromium] ‚Äļ tests/e2e/custom-compounds.spec.ts:516:3 ‚Äļ Custom Compounds ‚ÄĒ Basic/Advanced Mode Transition ‚Äļ AC-1: Custom compound falls back to water in Basic mode (2.0s)
  ‚úď   88 [chromium] ‚Äļ tests/e2e/custom-compounds.spec.ts:576:3 ‚Äļ Scenario 2: Water (H2O) ‚ÄĒ formula mode and stopping power sanity check ‚Äļ Create water via formula mode (H:2, O:1) and verify reasonable stopping power (2.4s)
  ‚úď   91 [chromium] ‚Äļ tests/e2e/custom-compounds.spec.ts:737:3 ‚Äļ Scenario 2: Water (H2O) ‚ÄĒ formula mode and stopping power sanity check ‚Äļ Weight fraction sum ‚Č† 100% blocks Save (1.5s)
  ‚úď   90 [chromium] ‚Äļ tests/e2e/custom-compounds.spec.ts:652:3 ‚Äļ Scenario 2: Water (H2O) ‚ÄĒ formula mode and stopping power sanity check ‚Äļ Create water via weight-fraction mode (H:11.19%, O:88.81%) and verify calculation (2.6s)
  ‚úď   95 [chromium] ‚Äļ tests/e2e/energy-input-keyboard.spec.ts:33:3 ‚Äļ Basic energy table ‚ÄĒ keyboard contract ‚Äļ Enter on last row adds a new row and focuses it (775ms)
  ‚úď   94 [chromium] ‚Äļ tests/e2e/custom-compounds.spec.ts:380:3 ‚Äļ Custom Compounds ‚ÄĒ Entity Selection Integration ‚Äļ AC-7: Custom compounds appear with badge in material panel (1.6s)
  ‚úď   92 [chromium] ‚Äļ tests/e2e/custom-compounds.spec.ts:774:3 ‚Äļ Scenario 1: LiF pellet smoke test ‚Äļ Create LiF compound and calculate with MSTAR (2.3s)
  ‚úď  100 [chromium] ‚Äļ tests/e2e/custom-compounds.spec.ts:415:3 ‚Äļ Custom Compounds ‚ÄĒ Entity Selection Integration ‚Äļ AC-7: Text filter filters custom compound names (1.1s)
  ‚úė   99 [chromium] ‚Äļ tests/e2e/energy-input-keyboard.spec.ts:84:3 ‚Äļ Basic energy table ‚ÄĒ keyboard contract ‚Äļ Ctrl+ArrowDown reorders row 0 to position 1 and follows focus (2.9s)
  ‚úė  101 [chromium] ‚Äļ tests/e2e/energy-input-keyboard.spec.ts:107:3 ‚Äļ Basic energy table ‚ÄĒ keyboard contract ‚Äļ Ctrl+ArrowUp reorders row 1 to position 0 and follows focus (2.6s)
  ‚úď  103 [chromium] ‚Äļ tests/e2e/energy-input-keyboard.spec.ts:143:3 ‚Äļ Basic energy table ‚ÄĒ keyboard contract ‚Äļ Backspace on non-empty input does NOT delete the row (630ms)
  ‚úė  102 [chromium] ‚Äļ tests/e2e/energy-input-keyboard.spec.ts:126:3 ‚Äļ Basic energy table ‚ÄĒ keyboard contract ‚Äļ Backspace on empty input deletes row and moves focus to previous row (2.5s)
  ‚úď  105 [chromium] ‚Äļ tests/e2e/energy-input-keyboard.spec.ts:185:3 ‚Äļ Advanced energy table ‚ÄĒ keyboard contract ‚Äļ Enter on last advanced row adds a new row and focuses it (543ms)
  ‚úė   93 [chromium] ‚Äļ tests/e2e/energy-input-keyboard.spec.ts:25:3 ‚Äļ Basic energy table ‚ÄĒ keyboard contract ‚Äļ Escape blurs the energy input (10.9s)
  ‚úė   96 [chromium] ‚Äļ tests/e2e/energy-input-keyboard.spec.ts:44:3 ‚Äļ Basic energy table ‚ÄĒ keyboard contract ‚Äļ Shift+Enter does not advance focus (stays on same row) (10.9s)
  ‚úė   97 [chromium] ‚Äļ tests/e2e/energy-input-keyboard.spec.ts:59:3 ‚Äļ Basic energy table ‚ÄĒ keyboard contract ‚Äļ ArrowDown moves focus to the next row (10.9s)
  ‚úė   98 [chromium] ‚Äļ tests/e2e/energy-input-keyboard.spec.ts:71:3 ‚Äļ Basic energy table ‚ÄĒ keyboard contract ‚Äļ ArrowUp moves focus to the previous row (10.9s)
  ‚úė  109 [chromium] ‚Äļ tests/e2e/energy-input-keyboard.spec.ts:240:3 ‚Äļ Advanced energy table ‚ÄĒ keyboard contract ‚Äļ Ctrl+ArrowDown reorders advanced row 0 to position 1 and follows focus (2.6s)
  ‚úė  110 [chromium] ‚Äļ tests/e2e/energy-input-keyboard.spec.ts:260:3 ‚Äļ Advanced energy table ‚ÄĒ keyboard contract ‚Äļ Ctrl+ArrowUp reorders advanced row 1 to position 0 and follows focus (2.6s)
  ‚úė  111 [chromium] ‚Äļ tests/e2e/energy-input-keyboard.spec.ts:276:3 ‚Äļ Advanced energy table ‚ÄĒ keyboard contract ‚Äļ Backspace on empty advanced input deletes row and moves focus to previous (2.6s)
  ‚úė  104 [chromium] ‚Äļ tests/e2e/energy-input-keyboard.spec.ts:176:3 ‚Äļ Advanced energy table ‚ÄĒ keyboard contract ‚Äļ Escape blurs the advanced energy input (10.6s)
  ‚úď  112 [chromium] ‚Äļ tests/e2e/entity-selection-tabbed.spec.ts:15:3 ‚Äļ Calculator page ‚ÄĒ tabbed picker ‚Äļ tab bar renders proton/Water/Auto inline; recipe bar removed (621ms)
  ‚úė  106 [chromium] ‚Äļ tests/e2e/energy-input-keyboard.spec.ts:211:3 ‚Äļ Advanced energy table ‚ÄĒ keyboard contract ‚Äļ ArrowDown moves focus to next advanced row (10.5s)
  ‚úď  113 [chromium] ‚Äļ tests/e2e/entity-selection-tabbed.spec.ts:23:3 ‚Äļ Calculator page ‚ÄĒ tabbed picker ‚Äļ renders three tabs and starts collapsed (defaults complete) (684ms)
  ‚úď  114 [chromium] ‚Äļ tests/e2e/entity-selection-tabbed.spec.ts:31:3 ‚Äļ Calculator page ‚ÄĒ tabbed picker ‚Äļ clicking a tab expands the panel (731ms)
  ‚úė  107 [chromium] ‚Äļ tests/e2e/energy-input-keyboard.spec.ts:196:3 ‚Äļ Advanced energy table ‚ÄĒ keyboard contract ‚Äļ Shift+Enter does not advance focus in advanced table (10.6s)
  ‚úď  115 [chromium] ‚Äļ tests/e2e/entity-selection-tabbed.spec.ts:42:3 ‚Äļ Calculator page ‚ÄĒ tabbed picker ‚Äļ electron row is omitted from the particle list (spec ¬ß Particle) (632ms)
  ‚úď  117 [chromium] ‚Äļ tests/e2e/entity-selection-tabbed.spec.ts:57:3 ‚Äļ Calculator page ‚ÄĒ tabbed picker ‚Äļ particle search filters the list and a click selects + stays on tab (740ms)
  ‚úď  116 [chromium] ‚Äļ tests/e2e/entity-selection-tabbed.spec.ts:36:3 ‚Äļ Calculator page ‚ÄĒ tabbed picker ‚Äļ clicking a tab activates the matching tab and opens panel (905ms)
  ‚úď  119 [chromium] ‚Äļ tests/e2e/entity-selection-tabbed.spec.ts:109:3 ‚Äļ Calculator page ‚ÄĒ tabbed picker ‚Äļ compatibility overlay link is hidden in Basic mode (advanced toolbar gated) (583ms)
  ‚úď  118 [chromium] ‚Äļ tests/e2e/entity-selection-tabbed.spec.ts:71:3 ‚Äļ Calculator page ‚ÄĒ tabbed picker ‚Äļ material tab shows sub-tab pills (Compounds default) and program legend is visible (896ms)
  ‚úď  123 [chromium] ‚Äļ tests/e2e/entity-selection.spec.ts:10:3 ‚Äļ Calculator page ‚ÄĒ entity selection (tabbed picker) ‚Äļ tab bar shows proton, Water, Auto by default (no recipe bar) (795ms)
  ‚úď  120 [chromium] ‚Äļ tests/e2e/entity-selection-tabbed.spec.ts:47:3 ‚Äļ Calculator page ‚ÄĒ tabbed picker ‚Äļ particle list shows flat list with Z tag and no section headers (1.1s)
  ‚úď  124 [chromium] ‚Äļ tests/e2e/entity-selection.spec.ts:18:3 ‚Äļ Calculator page ‚ÄĒ entity selection (tabbed picker) ‚Äļ typing carbon in the particle search filters the list and shows Carbon (C, Z=6) (899ms)
  ‚úď  121 [chromium] ‚Äļ tests/e2e/entity-selection-tabbed.spec.ts:118:3 ‚Äļ Plot page ‚ÄĒ tabbed picker ‚Äļ renders tabbed picker above the series-list area (always expanded) (1.3s)
  ‚úď  125 [chromium] ‚Äļ tests/e2e/entity-selection.spec.ts:29:3 ‚Äļ Calculator page ‚ÄĒ entity selection (tabbed picker) ‚Äļ selecting Carbon removes incompatible programs (PSTAR proton-only disappears) (1.0s)
  ‚úď  122 [chromium] ‚Äļ tests/e2e/entity-selection-tabbed.spec.ts:91:3 ‚Äļ Calculator page ‚ÄĒ tabbed picker ‚Äļ reset (advanced toolbar) restores defaults and collapses the panel (1.5s)
  ‚úď  127 [chromium] ‚Äļ tests/e2e/entity-selection.spec.ts:65:3 ‚Äļ Calculator page ‚ÄĒ entity selection (tabbed picker) ‚Äļ Electron (ESTAR) is absent from the particle list (not yet implemented) (846ms)
  ‚úď  128 [chromium] ‚Äļ tests/e2e/entity-selection.spec.ts:75:3 ‚Äļ Calculator page ‚ÄĒ entity selection (tabbed picker) ‚Äļ DEDX_ICRU internal selector (ID 9) does not appear in the program tab (1.0s)
  ‚úď  126 [chromium] ‚Äļ tests/e2e/entity-selection.spec.ts:44:3 ‚Äļ Calculator page ‚ÄĒ entity selection (tabbed picker) ‚Äļ reset (via advanced toolbar) restores defaults (1.5s)
  ‚úď  129 [chromium] ‚Äļ tests/e2e/export-advanced.spec.ts:23:3 ‚Äļ Export Advanced Mode ‚Äļ CSV modal: opens in advanced mode, semicolon separator persists @smoke (1.7s)
  ‚úď  131 [chromium] ‚Äļ tests/e2e/export-advanced.spec.ts:102:3 ‚Äļ Export Advanced Mode ‚Äļ CSV modal does NOT open in basic mode ‚ÄĒ download is immediate @regression (1.4s)
  ‚úď  130 [chromium] ‚Äļ tests/e2e/export-advanced.spec.ts:67:3 ‚Äļ Export Advanced Mode ‚Äļ Plot CSV export in advanced mode opens shared CSV modal @regression (2.1s)
  ‚úď  133 [chromium] ‚Äļ tests/e2e/export-advanced.spec.ts:203:3 ‚Äļ Export Advanced Mode ‚Äļ Calculator PDF triggers download in advanced mode @regression (1.6s)
  ‚úď  134 [chromium] ‚Äļ tests/e2e/export.spec.ts:4:3 ‚Äļ Calculator export ‚ÄĒ toolbar buttons ‚Äļ Export PDF and Export CSV become enabled after a result is computed (1.3s)
  ‚úď  135 [chromium] ‚Äļ tests/e2e/export.spec.ts:24:3 ‚Äļ Calculator export ‚ÄĒ toolbar buttons ‚Äļ Export CSV downloads a file with the correct filename and headers @smoke (1.4s)
  ‚úď  136 [chromium] ‚Äļ tests/e2e/export.spec.ts:61:3 ‚Äļ Calculator export ‚ÄĒ toolbar buttons ‚Äļ Export PDF downloads a PDF file with the correct filename (1.5s)
  -  141 [chromium] ‚Äļ tests/e2e/external-data-advanced.spec.ts:49:3 ‚Äļ External data in Calculator Advanced Mode @s3 ‚Äļ SRIM program appears in Programs picker when extdata loaded
  -  142 [chromium] ‚Äļ tests/e2e/external-data-advanced.spec.ts:65:3 ‚Äļ External data in Calculator Advanced Mode @s3 ‚Äļ Adding SRIM program creates a new column in the table
  -  143 [chromium] ‚Äļ tests/e2e/external-data-advanced.spec.ts:82:3 ‚Äļ External data in Calculator Advanced Mode @s3 ‚Äļ SRIM column shows calculated STP values
  -  144 [chromium] ‚Äļ tests/e2e/external-data-advanced.spec.ts:105:3 ‚Äļ External data in Calculator Advanced Mode @s3 ‚Äļ SRIM as default program shows STP values in advanced mode
  -  145 [chromium] ‚Äļ tests/e2e/external-data-advanced.spec.ts:127:3 ‚Äļ External data in Calculator Advanced Mode @s3 ‚Äļ URL round-trip preserves SRIM in programs param after adding
  ‚úė  108 [chromium] ‚Äļ tests/e2e/energy-input-keyboard.spec.ts:227:3 ‚Äļ Advanced energy table ‚ÄĒ keyboard contract ‚Äļ ArrowUp moves focus to previous advanced row (10.6s)
  ‚úď  132 [chromium] ‚Äļ tests/e2e/export-advanced.spec.ts:142:3 ‚Äļ Export Advanced Mode ‚Äļ PNG export only in advanced mode @smoke (3.0s)
  ‚úď  137 [chromium] ‚Äļ tests/e2e/export.spec.ts:107:3 ‚Äļ Plot export ‚Äļ Export buttons disabled on plot page with no series (1.9s)
  ‚úď  139 [chromium] ‚Äļ tests/e2e/export.spec.ts:127:3 ‚Äļ Plot export ‚Äļ Export CSV enabled after adding a series (1.7s)
  ‚úď  138 [chromium] ‚Äļ tests/e2e/export.spec.ts:151:3 ‚Äļ Plot export ‚Äļ SVG vector download from image dropdown (2.2s)
  ‚úď  140 [chromium] ‚Äļ tests/e2e/export.spec.ts:188:3 ‚Äļ Plot export ‚Äļ Export CSV download has correct filename (2.1s)
  ‚úď  148 [chromium] ‚Äļ tests/e2e/inverse-lookups.spec.ts:159:3 ‚Äļ Inverse Lookups ‚ÄĒ Range Tab ‚Äļ Range tab: rejects negative and non-numeric input @regression (1.3s)
  ‚úď  147 [chromium] ‚Äļ tests/e2e/inverse-lookups.spec.ts:129:3 ‚Äļ Inverse Lookups ‚ÄĒ Range Tab ‚Äļ Range tab: 'm' suffix accepted, 'km' rejected @regression (1.9s)
  ‚úď  149 [chromium] ‚Äļ tests/e2e/inverse-lookups.spec.ts:183:3 ‚Äļ Inverse Lookups ‚ÄĒ Range Tab ‚Äļ Inverse STP tab: rejects zero and non-numeric input @regression (1.3s)
  ‚úď  146 [chromium] ‚Äļ tests/e2e/inverse-lookups.spec.ts:65:3 ‚Äļ Inverse Lookups ‚ÄĒ Range Tab ‚Äļ Range tab: energy from CSDA range @smoke (2.2s)
  ‚úď  151 [chromium] ‚Äļ tests/e2e/inverse-lookups.spec.ts:207:3 ‚Äļ Inverse Lookups ‚ÄĒ Range Tab ‚Äļ Inverse STP tab: shows E_low and E_high for 30 keV/¬Ķm proton/water @smoke (1.5s)
  ‚úď  155 [chromium] ‚Äļ tests/e2e/inverse-lookups.spec.ts:326:3 ‚Äļ Advanced Mode Gate ‚Äļ Advanced-mode gate: inverse tabs absent in Basic mode @regression (1.2s)
  ‚úď  150 [chromium] ‚Äļ tests/e2e/inverse-lookups.spec.ts:93:3 ‚Äļ Inverse Lookups ‚ÄĒ Range Tab ‚Äļ Range tab: URL round-trip @regression (2.2s)
  ‚úď  156 [chromium] ‚Äļ tests/e2e/inverse-lookups.spec.ts:338:3 ‚Äļ Advanced Mode Gate ‚Äļ Advanced-mode gate: switching to Basic while on Range tab shows Forward content @regression (1.3s)
  ‚úď  152 [chromium] ‚Äļ tests/e2e/inverse-lookups.spec.ts:233:3 ‚Äļ Inverse Lookups ‚ÄĒ Range Tab ‚Äļ Inverse STP tab: monotone branch ‚ÄĒ 1 keV/¬Ķm proton/water ICRU49 @smoke (1.6s)
  ‚úď  157 [chromium] ‚Äļ tests/e2e/inverse-stp.spec.ts:33:3 ‚Äļ Inverse-STP table ‚ÄĒ column reveal behaviour ‚Äļ single high-E column by default @smoke (910ms)
  ‚úď  153 [chromium] ‚Äļ tests/e2e/inverse-lookups.spec.ts:255:3 ‚Äļ Inverse Lookups ‚ÄĒ Range Tab ‚Äļ Range tab: unit change triggers recalculation @regression (2.1s)
  ‚úď  154 [chromium] ‚Äļ tests/e2e/inverse-lookups.spec.ts:290:3 ‚Äļ Inverse Lookups ‚ÄĒ Range Tab ‚Äļ STP tab: unit change triggers recalculation @regression (2.1s)
  ‚úď  158 [chromium] ‚Äļ tests/e2e/inverse-stp.spec.ts:46:3 ‚Äļ Inverse-STP table ‚ÄĒ column reveal behaviour ‚Äļ 2-solution input reveals low-E column @smoke (1.0s)
  ‚úď  161 [chromium] ‚Äļ tests/e2e/inverse-stp.spec.ts:121:3 ‚Äļ Inverse-STP table ‚ÄĒ column reveal behaviour ‚Äļ ?istpbranch=both reveals column on load even without 2-solution data @regression (960ms)
  ‚úď  159 [chromium] ‚Äļ tests/e2e/inverse-stp.spec.ts:72:3 ‚Äļ Inverse-STP table ‚ÄĒ column reveal behaviour ‚Äļ single-solution input keeps only high-E column; single solution shows ‚ÄĒ in low-E @smoke (1.3s)
  ‚úď  160 [chromium] ‚Äļ tests/e2e/inverse-stp.spec.ts:95:3 ‚Äļ Inverse-STP table ‚ÄĒ column reveal behaviour ‚Äļ auto-collapse: all rows single-solution ‚Üí low-E column disappears @regression (1.3s)
  ‚úď  162 [chromium] ‚Äļ tests/e2e/inverse-stp.spec.ts:137:3 ‚Äļ Inverse-STP table ‚ÄĒ column reveal behaviour ‚Äļ URL encodes istpbranch=both after low-E column reveals @regression (1.5s)
  ‚úď  163 [chromium] ‚Äļ tests/e2e/inverse-stp.spec.ts:156:3 ‚Äļ Inverse-STP table ‚ÄĒ column reveal behaviour ‚Äļ Plot button appears on 2-solution row and navigates to plot @regression (1.3s)
  ‚úď  165 [chromium] ‚Äļ tests/e2e/keyboard-nav.spec.ts:23:3 ‚Äļ Entity picker ‚ÄĒ keyboard navigation ‚Äļ / key focuses the search input (1.2s)
  ‚úď  164 [chromium] ‚Äļ tests/e2e/inverse-stp.spec.ts:187:3 ‚Äļ Inverse-STP table ‚ÄĒ column reveal behaviour ‚Äļ Plot page creates 2 legend entries from inv_stp_branch=both @regression (1.4s)
  ‚úď  166 [chromium] ‚Äļ tests/e2e/keyboard-nav.spec.ts:31:3 ‚Äļ Entity picker ‚ÄĒ keyboard navigation ‚Äļ / key expands the panel if collapsed (1.3s)
  ‚úď  167 [chromium] ‚Äļ tests/e2e/keyboard-nav.spec.ts:41:3 ‚Äļ Entity picker ‚ÄĒ keyboard navigation ‚Äļ ‚Üď and ‚ÜĎ move highlight through particle list (1.2s)
  ‚úď  168 [chromium] ‚Äļ tests/e2e/keyboard-nav.spec.ts:53:3 ‚Äļ Entity picker ‚ÄĒ keyboard navigation ‚Äļ ‚ÜĶ Enter selects the highlighted particle and collapses when all slots are already complete (1.1s)
  ‚úď  170 [chromium] ‚Äļ tests/e2e/layout.spec.ts:11:5 ‚Äļ Navigation bar ‚Äļ nav bar is visible on /calculator (589ms)
  ‚úď  172 [chromium] ‚Äļ tests/e2e/layout.spec.ts:11:5 ‚Äļ Navigation bar ‚Äļ nav bar is visible on /docs (595ms)
  ‚úď  171 [chromium] ‚Äļ tests/e2e/layout.spec.ts:11:5 ‚Äļ Navigation bar ‚Äļ nav bar is visible on /plot (760ms)
  ‚úď  169 [chromium] ‚Äļ tests/e2e/keyboard-nav.spec.ts:70:3 ‚Äļ Entity picker ‚ÄĒ keyboard navigation ‚Äļ ‚ÜĶ Enter selects first available particle and collapses when complete (1.2s)
  ‚úď  173 [chromium] ‚Äļ tests/e2e/layout.spec.ts:17:3 ‚Äļ Navigation bar ‚Äļ nav contains Calculator link (637ms)
  ‚úď  174 [chromium] ‚Äļ tests/e2e/layout.spec.ts:22:3 ‚Äļ Navigation bar ‚Äļ nav contains Plot link (632ms)
  ‚úď  175 [chromium] ‚Äļ tests/e2e/layout.spec.ts:27:3 ‚Äļ Navigation bar ‚Äļ nav contains Docs link (725ms)
  ‚úď  176 [chromium] ‚Äļ tests/e2e/layout.spec.ts:32:3 ‚Äļ Navigation bar ‚Äļ nav contains webdedx brand link (756ms)
  ‚úď  177 [chromium] ‚Äļ tests/e2e/layout.spec.ts:40:5 ‚Äļ Footer ‚Äļ footer is visible on /calculator (697ms)
  ‚úď  178 [chromium] ‚Äļ tests/e2e/layout.spec.ts:40:5 ‚Äļ Footer ‚Äļ footer is visible on /plot (751ms)
  ‚úď  179 [chromium] ‚Äļ tests/e2e/layout.spec.ts:40:5 ‚Äļ Footer ‚Äļ footer is visible on /docs (710ms)
  ‚úď  180 [chromium] ‚Äļ tests/e2e/layout.spec.ts:46:3 ‚Äļ Footer ‚Äļ footer mentions webdedx (755ms)
  -  187 [chromium] ‚Äļ tests/e2e/layout.spec.ts:81:8 ‚Äļ WASM loading state ‚Äļ shows explicit WASM error state when initialization fails
  ‚úď  181 [chromium] ‚Äļ tests/e2e/layout.spec.ts:54:5 ‚Äļ Page headings ‚Äļ /calculator has h1 "Calculator" (850ms)
  ‚úď  182 [chromium] ‚Äļ tests/e2e/layout.spec.ts:54:5 ‚Äļ Page headings ‚Äļ /plot has h1 "Plot" (781ms)
  ‚úď  183 [chromium] ‚Äļ tests/e2e/layout.spec.ts:54:5 ‚Äļ Page headings ‚Äļ /docs has h1 "Documentation" (790ms)
  ‚úď  184 [chromium] ‚Äļ tests/e2e/layout.spec.ts:62:3 ‚Äļ Browser page titles ‚Äļ calculator page title includes "Calculator" (882ms)
  ‚úď  185 [chromium] ‚Äļ tests/e2e/layout.spec.ts:67:3 ‚Äļ Browser page titles ‚Äļ plot page title includes "Plot" (810ms)
  ‚úď  186 [chromium] ‚Äļ tests/e2e/layout.spec.ts:74:3 ‚Äļ WASM loading state ‚Äļ WASM loads and entity selectors are ready (1.1s)
  ‚úď  188 [chromium] ‚Äļ tests/e2e/mobile-picker.spec.ts:13:3 ‚Äļ Mobile picker ‚ÄĒ adaptive kit (issue #530 PR A) ‚Äļ tab change does NOT autofocus search (no keyboard invoked) (1.2s)
  ‚úď  189 [chromium] ‚Äļ tests/e2e/mobile-picker.spec.ts:21:3 ‚Äļ Mobile picker ‚ÄĒ adaptive kit (issue #530 PR A) ‚Äļ search tap target opens full-screen sheet on mobile (1.3s)
  ‚úď  191 [chromium] ‚Äļ tests/e2e/mobile-picker.spec.ts:42:3 ‚Äļ Mobile picker ‚ÄĒ adaptive kit (issue #530 PR A) ‚Äļ Material tab defaults to Compounds sub-tab on first load (1.2s)
  ‚úď  193 [chromium] ‚Äļ tests/e2e/mobile-picker.spec.ts:65:3 ‚Äļ Mobile picker ‚ÄĒ adaptive kit (issue #530 PR A) ‚Äļ Program tab with ‚Č§10 programs has no search field visible (1.1s)
  ‚úď  190 [chromium] ‚Äļ tests/e2e/mobile-picker.spec.ts:31:3 ‚Äļ Mobile picker ‚ÄĒ adaptive kit (issue #530 PR A) ‚Äļ Back closes sheet without leaving the page (1.5s)
  ‚úď  194 [chromium] ‚Äļ tests/e2e/mobile-picker.spec.ts:72:3 ‚Äļ Mobile picker ‚ÄĒ adaptive kit (issue #530 PR A) ‚Äļ particle tab shows flat list with Z tags (no COMMON/IONS headers) (1.1s)
  ‚úď  192 [chromium] ‚Äļ tests/e2e/mobile-picker.spec.ts:49:3 ‚Äļ Mobile picker ‚ÄĒ adaptive kit (issue #530 PR A) ‚Äļ Material sheet groups results under COMPOUNDS / ELEMENTS / CUSTOM headers (1.6s)
  ‚úď  195 [chromium] ‚Äļ tests/e2e/mobile-picker.spec.ts:82:3 ‚Äļ Mobile picker ‚ÄĒ adaptive kit (issue #530 PR A) ‚Äļ particle sheet search finds carbon with Z=6 tag (1.2s)
  ‚úď  196 [chromium] ‚Äļ tests/e2e/multi-entity.spec.ts:28:3 ‚Äļ Compare-across strip ‚Äļ 4-button strip renders in advanced mode (1.1s)
  ‚úď  197 [chromium] ‚Äļ tests/e2e/multi-entity.spec.ts:38:3 ‚Äļ Compare-across strip ‚Äļ single button is active by default (1.1s)
  ‚úď  198 [chromium] ‚Äļ tests/e2e/multi-entity.spec.ts:45:3 ‚Äļ Compare-across strip ‚Äļ strip is not visible in Basic mode (994ms)
  ‚úď  199 [chromium] ‚Äļ tests/e2e/multi-entity.spec.ts:55:3 ‚Äļ Columns dropdown removal ‚Äļ no Columns‚Ä¶ button exists in advanced mode (1.0s)
  ‚úď  200 [chromium] ‚Äļ tests/e2e/multi-entity.spec.ts:62:3 ‚Äļ Columns dropdown removal ‚Äļ no Columns‚Ä¶ button in basic mode (1.1s)
  ‚úď  201 [chromium] ‚Äļ tests/e2e/multi-entity.spec.ts:72:3 ‚Äļ Legacy URL compatibility ‚Äļ ?qfocus=both loads without error (silently ignored) (1.1s)
  ‚úď  202 [chromium] ‚Äļ tests/e2e/multi-entity.spec.ts:87:3 ‚Äļ Legacy URL compatibility ‚Äļ ?hidden=programs=2 loads without error (silently ignored) (1.1s)
  ‚úď  203 [chromium] ‚Äļ tests/e2e/multi-entity.spec.ts:103:3 ‚Äļ Legacy URL compatibility ‚Äļ ?hidden_programs=2 loads without error (silently ignored) (1.0s)
  ‚úď  207 [chromium] ‚Äļ tests/e2e/navigation.spec.ts:4:3 ‚Äļ Nav link clicks ‚Äļ clicking Plot nav link navigates to /plot (780ms)
  ‚úď  208 [chromium] ‚Äļ tests/e2e/navigation.spec.ts:13:3 ‚Äļ Nav link clicks ‚Äļ clicking Docs nav link navigates to /docs (896ms)
  ‚úď  206 [chromium] ‚Äļ tests/e2e/multi-entity.spec.ts:187:3 ‚Äļ Multi-entity table (requires WASM) ‚Äļ switching to materials renders table-multi (1.6s)
  ‚úď  211 [chromium] ‚Äļ tests/e2e/navigation.spec.ts:37:3 ‚Äļ Docs sub-routes ‚Äļ /docs/user-guide loads without error (502ms)
  ‚úď  209 [chromium] ‚Äļ tests/e2e/navigation.spec.ts:20:3 ‚Äļ Nav link clicks ‚Äļ clicking Calculator nav link navigates to /calculator (998ms)
  ‚úď  212 [chromium] ‚Äļ tests/e2e/navigation.spec.ts:44:3 ‚Äļ Docs sub-routes ‚Äļ /docs/technical loads without error (554ms)
  ‚úď  210 [chromium] ‚Äļ tests/e2e/navigation.spec.ts:28:3 ‚Äļ Nav link clicks ‚Äļ clicking webdedx brand logo redirects to /calculator (1.1s)
  ‚úď  213 [chromium] ‚Äļ tests/e2e/particle-unit-switching.spec.ts:71:3 ‚Äļ Particle switching ‚ÄĒ E_nucl conservation ‚Äļ He 20 MeV/nucl ‚Üí switch to proton: E_nucl conserved, row shows 20 MeV (1.2s)
  -  218 [chromium] ‚Äļ tests/e2e/particle-unit-switching.spec.ts:200:8 ‚Äļ Particle/unit switching ‚ÄĒ KE conservation (pending) ‚Äļ Carbon 100 MeV/nucl ‚Üí switch master unit MeV/nucl ‚Üí MeV: row should show 1200 MeV (KE conserved)
  -  219 [chromium] ‚Äļ tests/e2e/particle-unit-switching.spec.ts:216:8 ‚Äļ Particle/unit switching ‚ÄĒ KE conservation (pending) ‚Äļ He 20 MeV/nucl + multiple rows: KE conservation applies independently to each row
  ‚úď  214 [chromium] ‚Äļ tests/e2e/particle-unit-switching.spec.ts:84:3 ‚Äļ Particle switching ‚ÄĒ E_nucl conservation ‚Äļ He 80 MeV ‚Üí switch to proton: E_nucl conserved (80/4=20), row shows 20 MeV (1.1s)
  ‚úď  217 [chromium] ‚Äļ tests/e2e/particle-unit-switching.spec.ts:159:3 ‚Äļ Per-row inline unit editing ‚ÄĒ current behaviour ‚Äļ Carbon 12 MeV ‚Üí editing inline unit to MeV/nucl preserves KE (980ms)
  ‚úď  215 [chromium] ‚Äļ tests/e2e/particle-unit-switching.spec.ts:98:3 ‚Äļ Particle switching ‚ÄĒ E_nucl conservation ‚Äļ Proton 100 MeV ‚Üí switch to carbon ‚Üí switch back to hydrogen: E_nucl conserved (1.2s)
  ‚úď  216 [chromium] ‚Äļ tests/e2e/particle-unit-switching.spec.ts:117:3 ‚Äļ Particle switching ‚ÄĒ E_nucl conservation ‚Äļ Plain '100' + suffixed '1 GeV' on proton ‚Üí switch to alpha: both rows follow the same E_nucl-conservation rule (PR #379 regression) (1.2s)
  ‚úď  220 [chromium] ‚Äļ tests/e2e/particle-unit-switching.spec.ts:246:3 ‚Äļ Add row UX ‚Äļ typing in the last row does not auto-append; + Add row appends explicitly (920ms)
  ‚úď  221 [chromium] ‚Äļ tests/e2e/particle-unit-switching.spec.ts:263:3 ‚Äļ Add row UX ‚Äļ explicit '+ Add row' button is rendered and appends an empty row when clicked (909ms)
  ‚úď  222 [chromium] ‚Äļ tests/e2e/plot-add-series.spec.ts:22:3 ‚Äļ Plot ‚ÄĒ add-series flow ‚Äļ + Add button commits preview as series and shows row in strip @regression (1.6s)
  ‚úď  223 [chromium] ‚Äļ tests/e2e/plot-add-series.spec.ts:30:3 ‚Äļ Plot ‚ÄĒ add-series flow ‚Äļ add 2 series with different particles and assert strip count (1.8s)
  ‚úď  224 [chromium] ‚Äļ tests/e2e/plot-add-series.spec.ts:45:3 ‚Äļ Plot ‚ÄĒ add-series flow ‚Äļ visibility toggle hides a series row visually (1.8s)
  ‚úď  228 [chromium] ‚Äļ tests/e2e/plot.spec.ts:6:3 ‚Äļ Plot page ‚Äļ plot page loads @smoke (450ms)
  ‚úď  225 [chromium] ‚Äļ tests/e2e/plot-add-series.spec.ts:57:3 ‚Äļ Plot ‚ÄĒ add-series flow ‚Äļ remove button removes a series from the strip (1.7s)
  ‚úď  226 [chromium] ‚Äļ tests/e2e/plot-add-series.spec.ts:68:3 ‚Äļ Plot ‚ÄĒ add-series flow ‚Äļ clicking series label enters editing mode (ring highlight + editing label) (1.6s)
  ‚úď  229 [chromium] ‚Äļ tests/e2e/plot.spec.ts:12:3 ‚Äļ Plot page ‚Äļ navigates to plot page from calculator (973ms)
  ‚úď  227 [chromium] ‚Äļ tests/e2e/plot-add-series.spec.ts:79:3 ‚Äļ Plot ‚ÄĒ add-series flow ‚Äļ Done editing button exits edit mode (1.9s)
  ‚úď  230 [chromium] ‚Äļ tests/e2e/plot.spec.ts:18:3 ‚Äļ Plot page ‚Äļ loads stopping-power plot for alpha particles without recursion @regression (1.4s)
  ‚úď  235 [chromium] ‚Äļ tests/e2e/plot.spec.ts:145:3 ‚Äļ Plot page ‚ÄĒ Advanced Options panel gating (AC-1) ‚Äļ Advanced Options panel is absent in Basic mode (341ms)
  ‚úď  231 [chromium] ‚Äļ tests/e2e/plot.spec.ts:40:3 ‚Äļ Plot page ‚Äļ default proton+water preview loads with no JSROOT error (direct load) @regression @firefox (1.7s)
  ‚úď  232 [chromium] ‚Äļ tests/e2e/plot.spec.ts:61:3 ‚Äļ Plot page ‚Äļ default proton+water preview loads with no JSROOT error (client-side nav) @regression @firefox (1.8s)
  ‚úď  233 [chromium] ‚Äļ tests/e2e/plot.spec.ts:86:3 ‚Äļ Plot page ‚ÄĒ program selection (each_key_duplicate regression) ‚Äļ selecting a concrete program does not throw each_key_duplicate (2.0s)
  -  204 [chromium] ‚Äļ tests/e2e/multi-entity.spec.ts:121:3 ‚Äļ Quantity toggle (requires WASM) ‚Äļ quantity-toggle renders above result table in multi-program mode
  ‚úď  234 [chromium] ‚Äļ tests/e2e/plot.spec.ts:118:3 ‚Äļ Plot page ‚ÄĒ program selection (each_key_duplicate regression) ‚Äļ each program appears exactly once in the panel after switching programs (1.9s)
  -  205 [chromium] ‚Äļ tests/e2e/multi-entity.spec.ts:152:3 ‚Äļ Quantity toggle (requires WASM) ‚Äļ qshow=range URL param activates CSDA Range toggle button
  ‚úď  238 [chromium] ‚Äļ tests/e2e/plot.spec.ts:199:3 ‚Äļ Plot page ‚ÄĒ Advanced Options density recalculation ‚Äļ density override persists in URL for plot page (1.3s)
  ‚úď  236 [chromium] ‚Äļ tests/e2e/plot.spec.ts:162:3 ‚Äļ Plot page ‚ÄĒ Advanced Options density recalculation ‚Äļ preview series appears after selecting particle, material, program (1.8s)
  ‚úď  237 [chromium] ‚Äļ tests/e2e/plot.spec.ts:172:3 ‚Äļ Plot page ‚ÄĒ Advanced Options density recalculation ‚Äļ density override updates preview series data-density attribute (triggers reactivity) @smoke (2.0s)
  ‚úď  244 [chromium] ‚Äļ tests/e2e/responsive.spec.ts:47:3 ‚Äļ Responsive layout ‚ÄĒ Plot @smoke ‚Äļ no horizontal overflow on plot page @responsive (752ms)
  ‚úď  242 [chromium] ‚Äļ tests/e2e/responsive.spec.ts:24:3 ‚Äļ Responsive layout ‚ÄĒ Calculator @smoke ‚Äļ no horizontal overflow on calculator page @responsive (1.3s)
  ‚úď  243 [chromium] ‚Äļ tests/e2e/responsive.spec.ts:31:3 ‚Äļ Responsive layout ‚ÄĒ Calculator @smoke ‚Äļ entity tabs are visible without horizontal overflow on narrow viewport @responsive (1.2s)
  ‚úď  239 [chromium] ‚Äļ tests/e2e/plot.spec.ts:215:3 ‚Äļ Plot page ‚ÄĒ Advanced Options density recalculation ‚Äļ clearing density override restores built-in density in preview series (2.0s)
  ‚úď  241 [chromium] ‚Äļ tests/e2e/plot.spec.ts:277:3 ‚Äļ Plot page ‚ÄĒ Advanced Options density recalculation ‚Äļ interpolation method change (linear ‚Üí spline) re-triggers preview (URL updates) (1.9s)
  -  247 [chromium] ‚Äļ tests/e2e/responsive.spec.ts:95:3 ‚Äļ Responsive layout ‚ÄĒ touch targets @responsive ‚Äļ interactive controls meet minimum touch target size on mobile
  ‚úď  240 [chromium] ‚Äļ tests/e2e/plot.spec.ts:251:3 ‚Äļ Plot page ‚ÄĒ Advanced Options density recalculation ‚Äļ MeV¬∑cm¬≤/g unit (mass STP) is density-independent: stpUnit label present when selected (2.5s)
  ‚úď  248 [chromium] ‚Äļ tests/e2e/tab-cycling.spec.ts:26:3 ‚Äļ Tab bar ‚ÄĒ ArrowLeft / ArrowRight cycling @firefox ‚Äļ ArrowRight on Particle tab activates Material tab and opens its panel (1.5s)
  ‚úď  249 [chromium] ‚Äļ tests/e2e/tab-cycling.spec.ts:36:3 ‚Äļ Tab bar ‚ÄĒ ArrowLeft / ArrowRight cycling @firefox ‚Äļ ArrowRight on Material tab activates Program tab and opens its panel (1.4s)
  ‚úď  246 [chromium] ‚Äļ tests/e2e/responsive.spec.ts:78:3 ‚Äļ Responsive layout ‚ÄĒ Plot @smoke ‚Äļ entity panels always visible on desktop viewport @responsive (1.8s)
  ‚úď  250 [chromium] ‚Äļ tests/e2e/tab-cycling.spec.ts:44:3 ‚Äļ Tab bar ‚ÄĒ ArrowLeft / ArrowRight cycling @firefox ‚Äļ ArrowRight on Program tab wraps to Particle tab (1.3s)
  ‚úď  251 [chromium] ‚Äļ tests/e2e/tab-cycling.spec.ts:54:3 ‚Äļ Tab bar ‚ÄĒ ArrowLeft / ArrowRight cycling @firefox ‚Äļ ArrowLeft on Material tab activates Particle tab (1.2s)
  ‚úď  252 [chromium] ‚Äļ tests/e2e/tab-cycling.spec.ts:62:3 ‚Äļ Tab bar ‚ÄĒ ArrowLeft / ArrowRight cycling @firefox ‚Äļ ArrowLeft on Particle tab wraps to Program tab (1.1s)
  ‚úď  253 [chromium] ‚Äļ tests/e2e/tab-cycling.spec.ts:72:3 ‚Äļ Tab bar ‚ÄĒ ArrowLeft / ArrowRight cycling @firefox ‚Äļ after selecting a particle, ArrowRight from Particle tab opens Material panel (1.4s)
  ‚úď  254 [chromium] ‚Äļ tests/e2e/tab-cycling.spec.ts:89:3 ‚Äļ Tab bar ‚ÄĒ ArrowLeft / ArrowRight cycling @firefox ‚Äļ full forward cycle returns to the starting tab (1.3s)
  ‚úď  257 [chromium] ‚Äļ tests/e2e/tab-cycling.spec.ts:144:3 ‚Äļ Entity picker ‚ÄĒ global ArrowLeft/ArrowRight tab switching ‚Äļ ArrowRight is ignored when focus is inside the search input (1.0s)
  ‚úď  258 [chromium] ‚Äļ tests/e2e/tab-cycling.spec.ts:156:3 ‚Äļ Entity picker ‚ÄĒ global ArrowLeft/ArrowRight tab switching ‚Äļ ArrowRight is ignored when focus is on a tab button (no double-firing) (1.0s)
  ‚úď  260 [chromium] ‚Äļ tests/e2e/toolbar.spec.ts:10:3 ‚Äļ App toolbar ‚Äļ Export PDF and Export CSV buttons are visible on calculator page (448ms)
  ‚úď  259 [chromium] ‚Äļ tests/e2e/toolbar.spec.ts:4:3 ‚Äļ App toolbar ‚Äļ toolbar has Share URL button on calculator page (477ms)
  ‚úď  261 [chromium] ‚Äļ tests/e2e/toolbar.spec.ts:19:3 ‚Äļ App toolbar ‚Äļ Export PDF and Export CSV buttons are disabled on plot page (no calculator results) (537ms)
  ‚úď  264 [chromium] ‚Äļ tests/e2e/toolbar.spec.ts:59:3 ‚Äļ App toolbar ‚Äļ toolbar is also present on plot page (544ms)
  ‚úď  262 [chromium] ‚Äļ tests/e2e/toolbar.spec.ts:32:3 ‚Äļ App toolbar ‚Äļ toolbar hides Export PDF and Export CSV buttons on mobile viewport (626ms)
  ‚úď  265 [chromium] ‚Äļ tests/e2e/url-parser.spec.ts:28:3 ‚Äļ Stage 6.13 ‚ÄĒ URL parser ‚Äļ urlv=999: version-mismatch banner visible with correct version @smoke (632ms)
  ‚úď  263 [chromium] ‚Äļ tests/e2e/toolbar.spec.ts:41:3 ‚Äļ App toolbar ‚Äļ Share URL button shows Copied feedback on click (864ms)
  ‚úď  267 [chromium] ‚Äļ tests/e2e/url-parser.spec.ts:68:3 ‚Äļ Stage 6.13 ‚ÄĒ URL parser ‚Äļ malformed urlv: version-mismatch banner visible @regression (530ms)
  ‚úď  269 [chromium] ‚Äļ tests/e2e/url-parser.spec.ts:84:3 ‚Äļ Stage 6.13 ‚ÄĒ URL parser ‚Äļ missing urlv: no warning banner (legacy-compatible) @regression (443ms)
  ‚úď  268 [chromium] ‚Äļ tests/e2e/url-parser.spec.ts:75:3 ‚Äļ Stage 6.13 ‚ÄĒ URL parser ‚Äļ urlv=2: no warning banner shown @regression (506ms)
  ‚úď  266 [chromium] ‚Äļ tests/e2e/url-parser.spec.ts:46:3 ‚Äļ Stage 6.13 ‚ÄĒ URL parser ‚Äļ urlv=999: load-defaults dismisses banner and restores calculation @smoke (1.2s)
  ‚úď  272 [chromium] ‚Äļ tests/e2e/url-parser.spec.ts:154:3 ‚Äļ Stage 6.13 ‚ÄĒ URL parser ‚Äļ duplicate particle param: last value (2) used @regression (703ms)
  ‚úď  273 [chromium] ‚Äļ tests/e2e/url-parser.spec.ts:169:3 ‚Äļ Stage 6.13 ‚ÄĒ URL parser ‚Äļ unknown params dropped from canonical URL @regression (523ms)
  ‚úď  270 [chromium] ‚Äļ tests/e2e/url-parser.spec.ts:93:3 ‚Äļ Stage 6.13 ‚ÄĒ URL parser ‚Äļ custom compound URL round-trip: mat_* params restore compound @smoke (1.3s)
  ‚úď  271 [chromium] ‚Äļ tests/e2e/url-parser.spec.ts:123:3 ‚Äļ Stage 6.13 ‚ÄĒ URL parser ‚Äļ advanced URL can switch back to Basic mode @regression (1.2s)
  ‚úď  274 [mobile-chrome] ‚Äļ tests/e2e/cold-load-defaults.spec.ts:32:3 ‚Äļ Cold-load defaults ‚ÄĒ issue #555 ‚Äļ no element is auto-focused on cold load @responsive (1.1s)
  ‚úď  277 [mobile-chrome] ‚Äļ tests/e2e/responsive.spec.ts:47:3 ‚Äļ Responsive layout ‚ÄĒ Plot @smoke ‚Äļ no horizontal overflow on plot page @responsive (647ms)
  ‚úď  275 [mobile-chrome] ‚Äļ tests/e2e/responsive.spec.ts:24:3 ‚Äļ Responsive layout ‚ÄĒ Calculator @smoke ‚Äļ no horizontal overflow on calculator page @responsive (870ms)
  ‚úď  276 [mobile-chrome] ‚Äļ tests/e2e/responsive.spec.ts:31:3 ‚Äļ Responsive layout ‚ÄĒ Calculator @smoke ‚Äļ entity tabs are visible without horizontal overflow on narrow viewport @responsive (823ms)
  -  279 [mobile-chrome] ‚Äļ tests/e2e/responsive.spec.ts:78:3 ‚Äļ Responsive layout ‚ÄĒ Plot @smoke ‚Äļ entity panels always visible on desktop viewport @responsive
  ‚úď  280 [mobile-chrome] ‚Äļ tests/e2e/responsive.spec.ts:95:3 ‚Äļ Responsive layout ‚ÄĒ touch targets @responsive ‚Äļ interactive controls meet minimum touch target size on mobile (384ms)
  ‚úď  282 [tablet] ‚Äļ tests/e2e/responsive.spec.ts:24:3 ‚Äļ Responsive layout ‚ÄĒ Calculator @smoke ‚Äļ no horizontal overflow on calculator page @responsive (807ms)
  ‚úď  283 [tablet] ‚Äļ tests/e2e/responsive.spec.ts:31:3 ‚Äļ Responsive layout ‚ÄĒ Calculator @smoke ‚Äļ entity tabs are visible without horizontal overflow on narrow viewport @responsive (798ms)
  ‚úď  281 [tablet] ‚Äļ tests/e2e/cold-load-defaults.spec.ts:32:3 ‚Äļ Cold-load defaults ‚ÄĒ issue #555 ‚Äļ no element is auto-focused on cold load @responsive (1.2s)
  ‚úď  284 [tablet] ‚Äļ tests/e2e/responsive.spec.ts:47:3 ‚Äļ Responsive layout ‚ÄĒ Plot @smoke ‚Äļ no horizontal overflow on plot page @responsive (355ms)
  -  287 [tablet] ‚Äļ tests/e2e/responsive.spec.ts:95:3 ‚Äļ Responsive layout ‚ÄĒ touch targets @responsive ‚Äļ interactive controls meet minimum touch target size on mobile
  ‚úď  286 [tablet] ‚Äļ tests/e2e/responsive.spec.ts:78:3 ‚Äļ Responsive layout ‚ÄĒ Plot @smoke ‚Äļ entity panels always visible on desktop viewport @responsive (844ms)
  ‚úė  255 [chromium] ‚Äļ tests/e2e/tab-cycling.spec.ts:126:3 ‚Äļ Entity picker ‚ÄĒ global ArrowLeft/ArrowRight tab switching ‚Äļ ArrowRight cycles to Material tab when document.body has focus (11.2s)
  ‚úď  288 [firefox] ‚Äļ tests/e2e/plot.spec.ts:40:3 ‚Äļ Plot page ‚Äļ default proton+water preview loads with no JSROOT error (direct load) @regression @firefox (2.0s)
  ‚úė  256 [chromium] ‚Äļ tests/e2e/tab-cycling.spec.ts:134:3 ‚Äļ Entity picker ‚ÄĒ global ArrowLeft/ArrowRight tab switching ‚Äļ ArrowLeft cycles to Program tab (wrap-around) when document.body has focus (11.1s)
  ‚úď  289 [firefox] ‚Äļ tests/e2e/plot.spec.ts:61:3 ‚Äļ Plot page ‚Äļ default proton+water preview loads with no JSROOT error (client-side nav) @regression @firefox (2.3s)
  ‚úď  290 [firefox] ‚Äļ tests/e2e/tab-cycling.spec.ts:36:3 ‚Äļ Tab bar ‚ÄĒ ArrowLeft / ArrowRight cycling @firefox ‚Äļ ArrowRight on Material tab activates Program tab and opens its panel (938ms)
  ‚úď  291 [firefox] ‚Äļ tests/e2e/tab-cycling.spec.ts:54:3 ‚Äļ Tab bar ‚ÄĒ ArrowLeft / ArrowRight cycling @firefox ‚Äļ ArrowLeft on Material tab activates Particle tab (920ms)
  ‚úď  294 [firefox] ‚Äļ tests/e2e/tab-cycling.spec.ts:62:3 ‚Äļ Tab bar ‚ÄĒ ArrowLeft / ArrowRight cycling @firefox ‚Äļ ArrowLeft on Particle tab wraps to Program tab (811ms)
  ‚úď  296 [firefox] ‚Äļ tests/e2e/tab-cycling.spec.ts:89:3 ‚Äļ Tab bar ‚ÄĒ ArrowLeft / ArrowRight cycling @firefox ‚Äļ full forward cycle returns to the starting tab (1.1s)
  ‚úď  295 [firefox] ‚Äļ tests/e2e/tab-cycling.spec.ts:72:3 ‚Äļ Tab bar ‚ÄĒ ArrowLeft / ArrowRight cycling @firefox ‚Äļ after selecting a particle, ArrowRight from Particle tab opens Material panel (1.4s)
  ‚úď  292 [firefox] ‚Äļ tests/e2e/tab-cycling.spec.ts:26:3 ‚Äļ Tab bar ‚ÄĒ ArrowLeft / ArrowRight cycling @firefox ‚Äļ ArrowRight on Particle tab activates Material tab and opens its panel (2.3s)
  ‚úď  293 [firefox] ‚Äļ tests/e2e/tab-cycling.spec.ts:44:3 ‚Äļ Tab bar ‚ÄĒ ArrowLeft / ArrowRight cycling @firefox ‚Äļ ArrowRight on Program tab wraps to Particle tab (2.2s)
  -  245 [chromium] ‚Äļ tests/e2e/responsive.spec.ts:54:3 ‚Äļ Responsive layout ‚ÄĒ Plot @smoke ‚Äļ entity panels collapsed by default on mobile viewport @responsive
  ‚úď  278 [mobile-chrome] ‚Äļ tests/e2e/responsive.spec.ts:54:3 ‚Äļ Responsive layout ‚ÄĒ Plot @smoke ‚Äļ entity panels collapsed by default on mobile viewport @responsive (25.4s)
  -  285 [tablet] ‚Äļ tests/e2e/responsive.spec.ts:54:3 ‚Äļ Responsive layout ‚ÄĒ Plot @smoke ‚Äļ entity panels collapsed by default on mobile viewport @responsive


  1) [chromium] ‚Äļ tests/e2e/accessibility.spec.ts:12:3 ‚Äļ zero WCAG 2.1 AA violations on calculator page @regression 

    Error: [2mexpect([22m[31mreceived[39m[2m).[22mtoEqual[2m([22m[32mexpected[39m[2m) // deep equality[22m

    [32m- Expected  -   1[39m
    [31m+ Received  + 105[39m

    [32m- Array [][39m
    [31m+ Array [[39m
    [31m+   Object {[39m
    [31m+     "description": "Ensure the contrast between foreground and background colors meets WCAG 2 AA minimum contrast ratio thresholds",[39m
    [31m+     "help": "Elements must meet minimum color contrast ratio thresholds",[39m
    [31m+     "helpUrl": "https://dequeuniversity.com/rules/axe/4.11/color-contrast?application=playwright",[39m
    [31m+     "id": "color-contrast",[39m
    [31m+     "impact": "serious",[39m
    [31m+     "nodes": Array [[39m
    [31m+       Object {[39m
    [31m+         "all": Array [],[39m
    [31m+         "any": Array [[39m
    [31m+           Object {[39m
    [31m+             "data": Object {[39m
    [31m+               "bgColor": "#ffffff",[39m
    [31m+               "contrastRatio": 3.89,[39m
    [31m+               "expectedContrastRatio": "4.5:1",[39m
    [31m+               "fgColor": "#818181",[39m
    [31m+               "fontSize": "9.6pt (12.8px)",[39m
    [31m+               "fontWeight": "normal",[39m
    [31m+               "messageKey": null,[39m
    [31m+             },[39m
    [31m+             "id": "color-contrast",[39m
    [31m+             "impact": "serious",[39m
    [31m+             "message": "Element has insufficient color contrast of 3.89 (foreground color: #818181, background color: #ffffff, font size: 9.6pt (12.8px), font weight: normal). Expected contrast ratio of 4.5:1",[39m
    [31m+             "relatedNodes": Array [[39m
    [31m+               Object {[39m
    [31m+                 "html": "<button data-slot=\"button\" class=\"focus-visible:border...\" type=\"button\" data-testid=\"export-pdf-btn\" aria-label=\"Export PDF\">",[39m
    [31m+                 "target": Array [[39m
    [31m+                   "button[data-testid=\"export-pdf-btn\"]",[39m
    [31m+                 ],[39m
    [31m+               },[39m
    [31m+               Object {[39m
    [31m+                 "html": "<nav class=\"border-b bg-card\" data-testid=\"app-header\">",[39m
    [31m+                 "target": Array [[39m
    [31m+                   "nav",[39m
    [31m+                 ],[39m
    [31m+               },[39m
    [31m+             ],[39m
    [31m+           },[39m
    [31m+         ],[39m
    [31m+         "failureSummary": "Fix any of the following:[39m
    [31m+   Element has insufficient color contrast of 3.89 (foreground color: #818181, background color: #ffffff, font size: 9.6pt (12.8px), font weight: normal). Expected contrast ratio of 4.5:1",[39m
    [31m+         "html": "<button data-slot=\"button\" class=\"focus-visible:border...\" type=\"button\" data-testid=\"export-pdf-btn\" aria-label=\"Export PDF\">",[39m
    [31m+         "impact": "serious",[39m
    [31m+         "none": Array [],[39m
    [31m+         "target": Array [[39m
    [31m+           "button[data-testid=\"export-pdf-btn\"]",[39m
    [31m+         ],[39m
    [31m+       },[39m
    [31m+       Object {[39m
    [31m+         "all": Array [],[39m
    [31m+         "any": Array [[39m
    [31m+           Object {[39m
    [31m+             "data": Object {[39m
    [31m+               "bgColor": "#ffffff",[39m
    [31m+               "contrastRatio": 3.89,[39m
    [31m+               "expectedContrastRatio": "4.5:1",[39m
    [31m+               "fgColor": "#818181",[39m
    [31m+               "fontSize": "9.6pt (12.8px)",[39m
    [31m+               "fontWeight": "normal",[39m
    [31m+               "messageKey": null,[39m
    [31m+             },[39m
    [31m+             "id": "color-contrast",[39m
    [31m+             "impact": "serious",[39m
    [31m+             "message": "Element has insufficient color contrast of 3.89 (foreground color: #818181, background color: #ffffff, font size: 9.6pt (12.8px), font weight: normal). Expected contrast ratio of 4.5:1",[39m
    [31m+             "relatedNodes": Array [[39m
    [31m+               Object {[39m
    [31m+                 "html": "<button data-slot=\"button\" class=\"focus-visible:border...\" type=\"button\" data-testid=\"export-csv-btn\" aria-label=\"Export CSV\">",[39m
    [31m+                 "target": Array [[39m
    [31m+                   "button[data-testid=\"export-csv-btn\"]",[39m
    [31m+                 ],[39m
    [31m+               },[39m
    [31m+               Object {[39m
    [31m+                 "html": "<nav class=\"border-b bg-card\" data-testid=\"app-header\">",[39m
    [31m+                 "target": Array [[39m
    [31m+                   "nav",[39m
    [31m+                 ],[39m
    [31m+               },[39m
    [31m+             ],[39m
    [31m+           },[39m
    [31m+         ],[39m
    [31m+         "failureSummary": "Fix any of the following:[39m
    [31m+   Element has insufficient color contrast of 3.89 (foreground color: #818181, background color: #ffffff, font size: 9.6pt (12.8px), font weight: normal). Expected contrast ratio of 4.5:1",[39m
    [31m+         "html": "<button data-slot=\"button\" class=\"focus-visible:border...\" type=\"button\" data-testid=\"export-csv-btn\" aria-label=\"Export CSV\">",[39m
    [31m+         "impact": "serious",[39m
    [31m+         "none": Array [],[39m
    [31m+         "target": Array [[39m
    [31m+           "button[data-testid=\"export-csv-btn\"]",[39m
    [31m+         ],[39m
    [31m+       },[39m
    [31m+     ],[39m
    [31m+     "tags": Array [[39m
    [31m+       "cat.color",[39m
    [31m+       "wcag2aa",[39m
    [31m+       "wcag143",[39m
    [31m+       "TTv5",[39m
    [31m+       "TT13.c",[39m
    [31m+       "EN-301-549",[39m
    [31m+       "EN-9.1.4.3",[39m
    [31m+       "ACT",[39m
    [31m+       "RGAAv4",[39m
    [31m+       "RGAA-3.2.1",[39m
    [31m+     ],[39m
    [31m+   },[39m
    [31m+ ][39m

      33 |       .analyze();
      34 |
    > 35 |     expect(results.violations).toEqual([]);
         |                                ^
      36 |   });
      37 | }
      38 |
        at /home/leszekgrzanka/workspace/dedx_web/tests/e2e/accessibility.spec.ts:35:32

    Error Context: test-results/accessibility-zero-WCAG-2--4547e--calculator-page-regression-chromium/error-context.md

  2) [chromium] ‚Äļ tests/e2e/energy-input-keyboard.spec.ts:25:3 ‚Äļ Basic energy table ‚ÄĒ keyboard contract ‚Äļ Escape blurs the energy input 

    Error: [2mexpect([22m[31mlocator[39m[2m).not.[22mtoBeFocused[2m([22m[2m)[22m failed

    Locator:  getByTestId('energy-input-0')
    Expected: not focused
    Received: focused
    Timeout:  10000ms

    Call log:
    [2m  - Expect "not toBeFocused" with timeout 10000ms[22m
    [2m  - waiting for getByTestId('energy-input-0')[22m
    [2m    24 √ó locator resolved to <input type="text" inputmode="text" data-row-index="0" id="basic-energy-input" placeholder="e.g. 100 keV" data-testid="energy-input-0" aria-label="Energy value row 1" class="w-24 px-2 py-1 border rounded bg-background text-sm focus:outline-none focus:ring-2 focus:ring-primary border-input"/>[22m
    [2m       - unexpected value "focused"[22m


      28 |     await expect(input).toBeFocused();
      29 |     await page.keyboard.press("Escape");
    > 30 |     await expect(input).not.toBeFocused();
         |                             ^
      31 |   });
      32 |
      33 |   test("Enter on last row adds a new row and focuses it", async ({ page }) => {
        at /home/leszekgrzanka/workspace/dedx_web/tests/e2e/energy-input-keyboard.spec.ts:30:29

    Error Context: test-results/energy-input-keyboard-Basi-9758b-cape-blurs-the-energy-input-chromium/error-context.md

  3) [chromium] ‚Äļ tests/e2e/energy-input-keyboard.spec.ts:44:3 ‚Äļ Basic energy table ‚ÄĒ keyboard contract ‚Äļ Shift+Enter does not advance focus (stays on same row) 

    Error: [2mexpect([22m[31mlocator[39m[2m).[22mtoBeFocused[2m([22m[2m)[22m failed

    Locator:  getByTestId('energy-input-1')
    Expected: focused
    Received: inactive
    Timeout:  10000ms

    Call log:
    [2m  - Expect "toBeFocused" with timeout 10000ms[22m
    [2m  - waiting for getByTestId('energy-input-1')[22m
    [2m    24 √ó locator resolved to <input type="text" inputmode="text" data-row-index="1" placeholder="e.g. 100 keV" data-testid="energy-input-1" aria-label="Energy value row 2" class="w-24 px-2 py-1 border rounded bg-background text-sm focus:outline-none focus:ring-2 focus:ring-primary border-input"/>[22m
    [2m       - unexpected value "inactive"[22m


      54 |     // Shift+Enter should stay on row 1.
      55 |     await input1.press("Shift+Enter");
    > 56 |     await expect(input1).toBeFocused();
         |                          ^
      57 |   });
      58 |
      59 |   test("ArrowDown moves focus to the next row", async ({ page }) => {
        at /home/leszekgrzanka/workspace/dedx_web/tests/e2e/energy-input-keyboard.spec.ts:56:26

    Error Context: test-results/energy-input-keyboard-Basi-31c32-ce-focus-stays-on-same-row--chromium/error-context.md

  4) [chromium] ‚Äļ tests/e2e/energy-input-keyboard.spec.ts:59:3 ‚Äļ Basic energy table ‚ÄĒ keyboard contract ‚Äļ ArrowDown moves focus to the next row 

    Error: [2mexpect([22m[31mlocator[39m[2m).[22mtoBeFocused[2m([22m[2m)[22m failed

    Locator:  getByTestId('energy-input-1')
    Expected: focused
    Received: inactive
    Timeout:  10000ms

    Call log:
    [2m  - Expect "toBeFocused" with timeout 10000ms[22m
    [2m  - waiting for getByTestId('energy-input-1')[22m
    [2m    24 √ó locator resolved to <input type="text" inputmode="text" data-row-index="1" placeholder="e.g. 100 keV" data-testid="energy-input-1" aria-label="Energy value row 2" class="w-24 px-2 py-1 border rounded bg-background text-sm focus:outline-none focus:ring-2 focus:ring-primary border-input"/>[22m
    [2m       - unexpected value "inactive"[22m


      66 |     await input0.focus();
      67 |     await page.keyboard.press("ArrowDown");
    > 68 |     await expect(page.getByTestId("energy-input-1")).toBeFocused();
         |                                                      ^
      69 |   });
      70 |
      71 |   test("ArrowUp moves focus to the previous row", async ({ page }) => {
        at /home/leszekgrzanka/workspace/dedx_web/tests/e2e/energy-input-keyboard.spec.ts:68:54

    Error Context: test-results/energy-input-keyboard-Basi-a266d-moves-focus-to-the-next-row-chromium/error-context.md

  5) [chromium] ‚Äļ tests/e2e/energy-input-keyboard.spec.ts:71:3 ‚Äļ Basic energy table ‚ÄĒ keyboard contract ‚Äļ ArrowUp moves focus to the previous row 

    Error: [2mexpect([22m[31mlocator[39m[2m).[22mtoBeFocused[2m([22m[2m)[22m failed

    Locator:  getByTestId('energy-input-0')
    Expected: focused
    Received: inactive
    Timeout:  10000ms

    Call log:
    [2m  - Expect "toBeFocused" with timeout 10000ms[22m
    [2m  - waiting for getByTestId('energy-input-0')[22m
    [2m    24 √ó locator resolved to <input type="text" inputmode="text" data-row-index="0" placeholder="e.g. 100 keV" data-testid="energy-input-0" aria-label="Energy value row 1" class="w-24 px-2 py-1 border rounded bg-background text-sm focus:outline-none focus:ring-2 focus:ring-primary border-input"/>[22m
    [2m       - unexpected value "inactive"[22m


      79 |     await input1.focus();
      80 |     await page.keyboard.press("ArrowUp");
    > 81 |     await expect(input0).toBeFocused();
         |                          ^
      82 |   });
      83 |
      84 |   test("Ctrl+ArrowDown reorders row 0 to position 1 and follows focus", async ({ page }) => {
        at /home/leszekgrzanka/workspace/dedx_web/tests/e2e/energy-input-keyboard.spec.ts:81:26

    Error Context: test-results/energy-input-keyboard-Basi-3c090-s-focus-to-the-previous-row-chromium/error-context.md

  6) [chromium] ‚Äļ tests/e2e/energy-input-keyboard.spec.ts:84:3 ‚Äļ Basic energy table ‚ÄĒ keyboard contract ‚Äļ Ctrl+ArrowDown reorders row 0 to position 1 and follows focus 

    Error: [2mexpect([22m[31mlocator[39m[2m).[22mtoBeFocused[2m([22m[2m)[22m failed

    Locator:  getByTestId('energy-input-1')
    Expected: focused
    Received: inactive
    Timeout:  2000ms

    Call log:
    [2m  - Expect "toBeFocused" with timeout 2000ms[22m
    [2m  - waiting for getByTestId('energy-input-1')[22m
    [2m    21 √ó locator resolved to <input type="text" inputmode="text" data-row-index="1" placeholder="e.g. 100 keV" data-testid="energy-input-1" aria-label="Energy value row 2" class="w-24 px-2 py-1 border rounded bg-background text-sm focus:outline-none focus:ring-2 focus:ring-primary border-input"/>[22m
    [2m       - unexpected value "inactive"[22m


       98 |     // Focus should have followed the moved row to index 1.
       99 |     const newInput1 = page.getByTestId("energy-input-1");
    > 100 |     await expect(newInput1).toBeFocused({ timeout: 2000 });
          |                             ^
      101 |     await expect(newInput1).toHaveValue("100");
      102 |
      103 |     // Row 0 should now hold what was row 1.
        at /home/leszekgrzanka/workspace/dedx_web/tests/e2e/energy-input-keyboard.spec.ts:100:29

    Error Context: test-results/energy-input-keyboard-Basi-28d85-osition-1-and-follows-focus-chromium/error-context.md

  7) [chromium] ‚Äļ tests/e2e/energy-input-keyboard.spec.ts:107:3 ‚Äļ Basic energy table ‚ÄĒ keyboard contract ‚Äļ Ctrl+ArrowUp reorders row 1 to position 0 and follows focus 

    Error: [2mexpect([22m[31mlocator[39m[2m).[22mtoBeFocused[2m([22m[2m)[22m failed

    Locator:  getByTestId('energy-input-0')
    Expected: focused
    Received: inactive
    Timeout:  2000ms

    Call log:
    [2m  - Expect "toBeFocused" with timeout 2000ms[22m
    [2m  - waiting for getByTestId('energy-input-0')[22m
    [2m    21 √ó locator resolved to <input type="text" inputmode="text" data-row-index="0" placeholder="e.g. 100 keV" data-testid="energy-input-0" aria-label="Energy value row 1" class="w-24 px-2 py-1 border rounded bg-background text-sm focus:outline-none focus:ring-2 focus:ring-primary border-input"/>[22m
    [2m       - unexpected value "inactive"[22m


      120 |     // Row 1 (value 200) moves to index 0; focus follows.
      121 |     const newInput0 = page.getByTestId("energy-input-0");
    > 122 |     await expect(newInput0).toBeFocused({ timeout: 2000 });
          |                             ^
      123 |     await expect(newInput0).toHaveValue("200");
      124 |   });
      125 |
        at /home/leszekgrzanka/workspace/dedx_web/tests/e2e/energy-input-keyboard.spec.ts:122:29

    Error Context: test-results/energy-input-keyboard-Basi-196fc-osition-0-and-follows-focus-chromium/error-context.md

  8) [chromium] ‚Äļ tests/e2e/energy-input-keyboard.spec.ts:126:3 ‚Äļ Basic energy table ‚ÄĒ keyboard contract ‚Äļ Backspace on empty input deletes row and moves focus to previous row 

    Error: [2mexpect([22m[31mlocator[39m[2m).not.[22mtoBeVisible[2m([22m[2m)[22m failed

    Locator:  getByTestId('energy-input-1')
    Expected: not visible
    Received: visible
    Timeout:  2000ms

    Call log:
    [2m  - Expect "not toBeVisible" with timeout 2000ms[22m
    [2m  - waiting for getByTestId('energy-input-1')[22m
    [2m    21 √ó locator resolved to <input type="text" inputmode="text" data-row-index="1" placeholder="e.g. 100 keV" data-testid="energy-input-1" aria-label="Energy value row 2" class="w-24 px-2 py-1 border rounded bg-background text-sm focus:outline-none focus:ring-2 focus:ring-primary border-input"/>[22m
    [2m       - unexpected value "visible"[22m


      137 |
      138 |     // Row 1 should be removed; focus returns to row 0.
    > 139 |     await expect(page.getByTestId("energy-input-1")).not.toBeVisible({ timeout: 2000 });
          |                                                          ^
      140 |     await expect(page.getByTestId("energy-input-0")).toBeFocused({ timeout: 2000 });
      141 |   });
      142 |
        at /home/leszekgrzanka/workspace/dedx_web/tests/e2e/energy-input-keyboard.spec.ts:139:58

    Error Context: test-results/energy-input-keyboard-Basi-0fcd4-moves-focus-to-previous-row-chromium/error-context.md

  9) [chromium] ‚Äļ tests/e2e/energy-input-keyboard.spec.ts:176:3 ‚Äļ Advanced energy table ‚ÄĒ keyboard contract ‚Äļ Escape blurs the advanced energy input 

    Error: [2mexpect([22m[31mlocator[39m[2m).not.[22mtoBeFocused[2m([22m[2m)[22m failed

    Locator:  getByTestId('advanced-energy-input-0')
    Expected: not focused
    Received: focused
    Timeout:  10000ms

    Call log:
    [2m  - Expect "not toBeFocused" with timeout 10000ms[22m
    [2m  - waiting for getByTestId('advanced-energy-input-0')[22m
    [2m    24 √ó locator resolved to <input type="text" inputmode="text" data-row-index="0" placeholder="e.g. 100 keV" aria-label="Energy value row 1" data-testid="advanced-energy-input-0" class="w-28 px-2 py-1 border rounded bg-background text-sm focus:outline-none focus:ring-2 focus:ring-primary border-input"/>[22m
    [2m       - unexpected value "focused"[22m


      180 |     await expect(input).toBeFocused();
      181 |     await page.keyboard.press("Escape");
    > 182 |     await expect(input).not.toBeFocused();
          |                             ^
      183 |   });
      184 |
      185 |   test("Enter on last advanced row adds a new row and focuses it", async ({ page }) => {
        at /home/leszekgrzanka/workspace/dedx_web/tests/e2e/energy-input-keyboard.spec.ts:182:29

    Error Context: test-results/energy-input-keyboard-Adva-1a131-s-the-advanced-energy-input-chromium/error-context.md

  10) [chromium] ‚Äļ tests/e2e/energy-input-keyboard.spec.ts:196:3 ‚Äļ Advanced energy table ‚ÄĒ keyboard contract ‚Äļ Shift+Enter does not advance focus in advanced table 

    Error: [2mexpect([22m[31mlocator[39m[2m).[22mtoBeFocused[2m([22m[2m)[22m failed

    Locator:  getByTestId('advanced-energy-input-1')
    Expected: focused
    Received: inactive
    Timeout:  10000ms

    Call log:
    [2m  - Expect "toBeFocused" with timeout 10000ms[22m
    [2m  - waiting for getByTestId('advanced-energy-input-1')[22m
    [2m    24 √ó locator resolved to <input type="text" inputmode="text" data-row-index="1" placeholder="e.g. 100 keV" aria-label="Energy value row 2" data-testid="advanced-energy-input-1" class="w-28 px-2 py-1 border rounded bg-background text-sm focus:outline-none focus:ring-2 focus:ring-primary border-input"/>[22m
    [2m       - unexpected value "inactive"[22m


      206 |
      207 |     await input1.press("Shift+Enter");
    > 208 |     await expect(input1).toBeFocused();
          |                          ^
      209 |   });
      210 |
      211 |   test("ArrowDown moves focus to next advanced row", async ({ page }) => {
        at /home/leszekgrzanka/workspace/dedx_web/tests/e2e/energy-input-keyboard.spec.ts:208:26

    Error Context: test-results/energy-input-keyboard-Adva-7c4c3-nce-focus-in-advanced-table-chromium/error-context.md

  11) [chromium] ‚Äļ tests/e2e/energy-input-keyboard.spec.ts:211:3 ‚Äļ Advanced energy table ‚ÄĒ keyboard contract ‚Äļ ArrowDown moves focus to next advanced row 

    Error: [2mexpect([22m[31mlocator[39m[2m).[22mtoBeFocused[2m([22m[2m)[22m failed

    Locator:  getByTestId('advanced-energy-input-1')
    Expected: focused
    Received: inactive
    Timeout:  10000ms

    Call log:
    [2m  - Expect "toBeFocused" with timeout 10000ms[22m
    [2m  - waiting for getByTestId('advanced-energy-input-1')[22m
    [2m    24 √ó locator resolved to <input type="text" inputmode="text" data-row-index="1" placeholder="e.g. 100 keV" aria-label="Energy value row 2" data-testid="advanced-energy-input-1" class="w-28 px-2 py-1 border rounded bg-background text-sm focus:outline-none focus:ring-2 focus:ring-primary border-input"/>[22m
    [2m       - unexpected value "inactive"[22m


      222 |     await input0.focus();
      223 |     await page.keyboard.press("ArrowDown");
    > 224 |     await expect(input1).toBeFocused();
          |                          ^
      225 |   });
      226 |
      227 |   test("ArrowUp moves focus to previous advanced row", async ({ page }) => {
        at /home/leszekgrzanka/workspace/dedx_web/tests/e2e/energy-input-keyboard.spec.ts:224:26

    Error Context: test-results/energy-input-keyboard-Adva-d444c--focus-to-next-advanced-row-chromium/error-context.md

  12) [chromium] ‚Äļ tests/e2e/energy-input-keyboard.spec.ts:227:3 ‚Äļ Advanced energy table ‚ÄĒ keyboard contract ‚Äļ ArrowUp moves focus to previous advanced row 

    Error: [2mexpect([22m[31mlocator[39m[2m).[22mtoBeFocused[2m([22m[2m)[22m failed

    Locator:  getByTestId('advanced-energy-input-0')
    Expected: focused
    Received: inactive
    Timeout:  10000ms

    Call log:
    [2m  - Expect "toBeFocused" with timeout 10000ms[22m
    [2m  - waiting for getByTestId('advanced-energy-input-0')[22m
    [2m    24 √ó locator resolved to <input type="text" inputmode="text" data-row-index="0" placeholder="e.g. 100 keV" aria-label="Energy value row 1" data-testid="advanced-energy-input-0" class="w-28 px-2 py-1 border rounded bg-background text-sm focus:outline-none focus:ring-2 focus:ring-primary border-input"/>[22m
    [2m       - unexpected value "inactive"[22m


      235 |     await input1.focus();
      236 |     await page.keyboard.press("ArrowUp");
    > 237 |     await expect(input0).toBeFocused();
          |                          ^
      238 |   });
      239 |
      240 |   test("Ctrl+ArrowDown reorders advanced row 0 to position 1 and follows focus", async ({
        at /home/leszekgrzanka/workspace/dedx_web/tests/e2e/energy-input-keyboard.spec.ts:237:26

    Error Context: test-results/energy-input-keyboard-Adva-d5fe3-us-to-previous-advanced-row-chromium/error-context.md

  13) [chromium] ‚Äļ tests/e2e/energy-input-keyboard.spec.ts:240:3 ‚Äļ Advanced energy table ‚ÄĒ keyboard contract ‚Äļ Ctrl+ArrowDown reorders advanced row 0 to position 1 and follows focus 

    Error: [2mexpect([22m[31mlocator[39m[2m).[22mtoBeFocused[2m([22m[2m)[22m failed

    Locator:  getByTestId('advanced-energy-input-1')
    Expected: focused
    Received: inactive
    Timeout:  2000ms

    Call log:
    [2m  - Expect "toBeFocused" with timeout 2000ms[22m
    [2m  - waiting for getByTestId('advanced-energy-input-1')[22m
    [2m    21 √ó locator resolved to <input type="text" inputmode="text" data-row-index="1" placeholder="e.g. 100 keV" aria-label="Energy value row 2" data-testid="advanced-energy-input-1" class="w-28 px-2 py-1 border rounded bg-background text-sm focus:outline-none focus:ring-2 focus:ring-primary border-input"/>[22m
    [2m       - unexpected value "inactive"[22m


      253 |
      254 |     const newInput1 = page.getByTestId("advanced-energy-input-1");
    > 255 |     await expect(newInput1).toBeFocused({ timeout: 2000 });
          |                             ^
      256 |     await expect(newInput1).toHaveValue("100");
      257 |     await expect(page.getByTestId("advanced-energy-input-0")).toHaveValue("200");
      258 |   });
        at /home/leszekgrzanka/workspace/dedx_web/tests/e2e/energy-input-keyboard.spec.ts:255:29

    Error Context: test-results/energy-input-keyboard-Adva-af070-osition-1-and-follows-focus-chromium/error-context.md

  14) [chromium] ‚Äļ tests/e2e/energy-input-keyboard.spec.ts:260:3 ‚Äļ Advanced energy table ‚ÄĒ keyboard contract ‚Äļ Ctrl+ArrowUp reorders advanced row 1 to position 0 and follows focus 

    Error: [2mexpect([22m[31mlocator[39m[2m).[22mtoBeFocused[2m([22m[2m)[22m failed

    Locator:  getByTestId('advanced-energy-input-0')
    Expected: focused
    Received: inactive
    Timeout:  2000ms

    Call log:
    [2m  - Expect "toBeFocused" with timeout 2000ms[22m
    [2m  - waiting for getByTestId('advanced-energy-input-0')[22m
    [2m    21 √ó locator resolved to <input type="text" inputmode="text" data-row-index="0" placeholder="e.g. 100 keV" aria-label="Energy value row 1" data-testid="advanced-energy-input-0" class="w-28 px-2 py-1 border rounded bg-background text-sm focus:outline-none focus:ring-2 focus:ring-primary border-input"/>[22m
    [2m       - unexpected value "inactive"[22m


      270 |     await page.keyboard.press("Control+ArrowUp");
      271 |
    > 272 |     await expect(page.getByTestId("advanced-energy-input-0")).toBeFocused({ timeout: 2000 });
          |                                                               ^
      273 |     await expect(page.getByTestId("advanced-energy-input-0")).toHaveValue("200");
      274 |   });
      275 |
        at /home/leszekgrzanka/workspace/dedx_web/tests/e2e/energy-input-keyboard.spec.ts:272:63

    Error Context: test-results/energy-input-keyboard-Adva-9e942-osition-0-and-follows-focus-chromium/error-context.md

  15) [chromium] ‚Äļ tests/e2e/energy-input-keyboard.spec.ts:276:3 ‚Äļ Advanced energy table ‚ÄĒ keyboard contract ‚Äļ Backspace on empty advanced input deletes row and moves focus to previous 

    Error: [2mexpect([22m[31mlocator[39m[2m).not.[22mtoBeVisible[2m([22m[2m)[22m failed

    Locator:  getByTestId('advanced-energy-input-1')
    Expected: not visible
    Received: visible
    Timeout:  2000ms

    Call log:
    [2m  - Expect "not toBeVisible" with timeout 2000ms[22m
    [2m  - waiting for getByTestId('advanced-energy-input-1')[22m
    [2m    21 √ó locator resolved to <input type="text" inputmode="text" data-row-index="1" placeholder="e.g. 100 keV" aria-label="Energy value row 2" data-testid="advanced-energy-input-1" class="w-28 px-2 py-1 border rounded bg-background text-sm focus:outline-none focus:ring-2 focus:ring-primary border-input"/>[22m
    [2m       - unexpected value "visible"[22m


      287 |     await page.keyboard.press("Backspace");
      288 |
    > 289 |     await expect(page.getByTestId("advanced-energy-input-1")).not.toBeVisible({ timeout: 2000 });
          |                                                                   ^
      290 |     await expect(page.getByTestId("advanced-energy-input-0")).toBeFocused({ timeout: 2000 });
      291 |   });
      292 | });
        at /home/leszekgrzanka/workspace/dedx_web/tests/e2e/energy-input-keyboard.spec.ts:289:67

    Error Context: test-results/energy-input-keyboard-Adva-ae950-and-moves-focus-to-previous-chromium/error-context.md

  16) [chromium] ‚Äļ tests/e2e/tab-cycling.spec.ts:126:3 ‚Äļ Entity picker ‚ÄĒ global ArrowLeft/ArrowRight tab switching ‚Äļ ArrowRight cycles to Material tab when document.body has focus 

    Error: [2mexpect([22m[31mlocator[39m[2m).[22mtoHaveAttribute[2m([22m[32mexpected[39m[2m)[22m failed

    Locator:  getByTestId('picker-tab-material')
    Expected: [32m"[7mtru[27me"[39m
    Received: [31m"[7mfals[27me"[39m
    Timeout:  10000ms

    Call log:
    [2m  - Expect "toHaveAttribute" with timeout 10000ms[22m
    [2m  - waiting for getByTestId('picker-tab-material')[22m
    [2m    24 √ó locator resolved to <button role="tab" type="button" tabindex="-1" aria-selected="false" id="picker-tab-material" data-testid="picker-tab-material" class="relative flex items-start sm:items-baseline gap-1 rounded-t-md px-2 sm:px-3 py-1.5 text-sm border border-b-0 transition-colors bg-muted/40 border-transparent text-muted-foreground hover:bg-accent">‚Ä¶</button>[22m
    [2m       - unexpected value "false"[22m


      129 |     await page.keyboard.press("ArrowRight");
      130 |
    > 131 |     await expect(page.getByTestId("picker-tab-material")).toHaveAttribute("aria-selected", "true");
          |                                                           ^
      132 |   });
      133 |
      134 |   test("ArrowLeft cycles to Program tab (wrap-around) when document.body has focus", async ({
        at /home/leszekgrzanka/workspace/dedx_web/tests/e2e/tab-cycling.spec.ts:131:59

    Error Context: test-results/tab-cycling-Entity-picker--913b0-hen-document-body-has-focus-chromium/error-context.md

  17) [chromium] ‚Äļ tests/e2e/tab-cycling.spec.ts:134:3 ‚Äļ Entity picker ‚ÄĒ global ArrowLeft/ArrowRight tab switching ‚Äļ ArrowLeft cycles to Program tab (wrap-around) when document.body has focus 

    Error: [2mexpect([22m[31mlocator[39m[2m).[22mtoHaveAttribute[2m([22m[32mexpected[39m[2m)[22m failed

    Locator:  getByTestId('picker-tab-program')
    Expected: [32m"[7mtru[27me"[39m
    Received: [31m"[7mfals[27me"[39m
    Timeout:  10000ms

    Call log:
    [2m  - Expect "toHaveAttribute" with timeout 10000ms[22m
    [2m  - waiting for getByTestId('picker-tab-program')[22m
    [2m    24 √ó locator resolved to <button role="tab" type="button" tabindex="-1" aria-selected="false" id="picker-tab-program" data-testid="picker-tab-program" class="relative flex items-start sm:items-baseline gap-1 rounded-t-md px-2 sm:px-3 py-1.5 text-sm border border-b-0 transition-colors bg-muted/40 border-transparent text-muted-foreground hover:bg-accent">‚Ä¶</button>[22m
    [2m       - unexpected value "false"[22m


      139 |     await page.keyboard.press("ArrowLeft");
      140 |
    > 141 |     await expect(page.getByTestId("picker-tab-program")).toHaveAttribute("aria-selected", "true");
          |                                                          ^
      142 |   });
      143 |
      144 |   test("ArrowRight is ignored when focus is inside the search input", async ({ page }) => {
        at /home/leszekgrzanka/workspace/dedx_web/tests/e2e/tab-cycling.spec.ts:141:58

    Error Context: test-results/tab-cycling-Entity-picker--e9bbb-hen-document-body-has-focus-chromium/error-context.md

  17 failed
    [chromium] ‚Äļ tests/e2e/accessibility.spec.ts:12:3 ‚Äļ zero WCAG 2.1 AA violations on calculator page @regression 
    [chromium] ‚Äļ tests/e2e/energy-input-keyboard.spec.ts:25:3 ‚Äļ Basic energy table ‚ÄĒ keyboard contract ‚Äļ Escape blurs the energy input 
    [chromium] ‚Äļ tests/e2e/energy-input-keyboard.spec.ts:44:3 ‚Äļ Basic energy table ‚ÄĒ keyboard contract ‚Äļ Shift+Enter does not advance focus (stays on same row) 
    [chromium] ‚Äļ tests/e2e/energy-input-keyboard.spec.ts:59:3 ‚Äļ Basic energy table ‚ÄĒ keyboard contract ‚Äļ ArrowDown moves focus to the next row 
    [chromium] ‚Äļ tests/e2e/energy-input-keyboard.spec.ts:71:3 ‚Äļ Basic energy table ‚ÄĒ keyboard contract ‚Äļ ArrowUp moves focus to the previous row 
    [chromium] ‚Äļ tests/e2e/energy-input-keyboard.spec.ts:84:3 ‚Äļ Basic energy table ‚ÄĒ keyboard contract ‚Äļ Ctrl+ArrowDown reorders row 0 to position 1 and follows focus 
    [chromium] ‚Äļ tests/e2e/energy-input-keyboard.spec.ts:107:3 ‚Äļ Basic energy table ‚ÄĒ keyboard contract ‚Äļ Ctrl+ArrowUp reorders row 1 to position 0 and follows focus 
    [chromium] ‚Äļ tests/e2e/energy-input-keyboard.spec.ts:126:3 ‚Äļ Basic energy table ‚ÄĒ keyboard contract ‚Äļ Backspace on empty input deletes row and moves focus to previous row 
    [chromium] ‚Äļ tests/e2e/energy-input-keyboard.spec.ts:176:3 ‚Äļ Advanced energy table ‚ÄĒ keyboard contract ‚Äļ Escape blurs the advanced energy input 
    [chromium] ‚Äļ tests/e2e/energy-input-keyboard.spec.ts:196:3 ‚Äļ Advanced energy table ‚ÄĒ keyboard contract ‚Äļ Shift+Enter does not advance focus in advanced table 
    [chromium] ‚Äļ tests/e2e/energy-input-keyboard.spec.ts:211:3 ‚Äļ Advanced energy table ‚ÄĒ keyboard contract ‚Äļ ArrowDown moves focus to next advanced row 
    [chromium] ‚Äļ tests/e2e/energy-input-keyboard.spec.ts:227:3 ‚Äļ Advanced energy table ‚ÄĒ keyboard contract ‚Äļ ArrowUp moves focus to previous advanced row 
    [chromium] ‚Äļ tests/e2e/energy-input-keyboard.spec.ts:240:3 ‚Äļ Advanced energy table ‚ÄĒ keyboard contract ‚Äļ Ctrl+ArrowDown reorders advanced row 0 to position 1 and follows focus 
    [chromium] ‚Äļ tests/e2e/energy-input-keyboard.spec.ts:260:3 ‚Äļ Advanced energy table ‚ÄĒ keyboard contract ‚Äļ Ctrl+ArrowUp reorders advanced row 1 to position 0 and follows focus 
    [chromium] ‚Äļ tests/e2e/energy-input-keyboard.spec.ts:276:3 ‚Äļ Advanced energy table ‚ÄĒ keyboard contract ‚Äļ Backspace on empty advanced input deletes row and moves focus to previous 
    [chromium] ‚Äļ tests/e2e/tab-cycling.spec.ts:126:3 ‚Äļ Entity picker ‚ÄĒ global ArrowLeft/ArrowRight tab switching ‚Äļ ArrowRight cycles to Material tab when document.body has focus 
    [chromium] ‚Äļ tests/e2e/tab-cycling.spec.ts:134:3 ‚Äļ Entity picker ‚ÄĒ global ArrowLeft/ArrowRight tab switching ‚Äļ ArrowLeft cycles to Program tab (wrap-around) when document.body has focus 
  15 skipped
  264 passed (1.6m)
